#
# There is insufficient memory for the Java Runtime Environment to continue.
# Native memory allocation (mmap) failed to map 167772160 bytes for Failed to commit area from 0x00000000e0000000 to 0x00000000ea000000 of length 167772160.
# Possible reasons:
#   The system is out of physical RAM or swap space
#   The process is running with CompressedOops enabled, and the Java Heap may be blocking the growth of the native heap
# Possible solutions:
#   Reduce memory load on the system
#   Increase physical memory or swap space
#   Check if swap backing store is full
#   Decrease Java heap size (-Xmx/-Xms)
#   Decrease number of Java threads
#   Decrease Java thread stack sizes (-Xss)
#   Set larger code cache with -XX:ReservedCodeCacheSize=
# This output file may be truncated or incomplete.
#
#  Out of Memory Error (./src/hotspot/os/windows/os_windows.cpp:3301), pid=14800, tid=3156
#
# JRE version:  (11.0.11+9) (build )
# Java VM: OpenJDK 64-Bit Server VM (11.0.11+9-LTS, mixed mode, sharing, tiered, compressed oops, g1 gc, windows-amd64)
# No core dump will be written. Minidumps are not enabled by default on client versions of Windows
#

---------------  S U M M A R Y ------------

Command Line: -Dorg.gradle.native=false -Xmx512m -Dfile.encoding=windows-1252 -Duser.country=CO -Duser.language=es -Duser.variant -ea worker.org.gradle.process.internal.worker.GradleWorkerMain 'Gradle Test Executor 1'

Host: AMD Ryzen 3 3200U with Radeon Vega Mobile Gfx  , 4 cores, 9G,  Windows 10 , 64 bit Build 19041 (10.0.19041.928)
Time: Fri May  7 11:08:51 2021 Hora est. Pacífico, Sudamérica elapsed time: 0.016334 seconds (0d 0h 0m 0s)

---------------  T H R E A D  ---------------

Current thread (0x000001c762a3c000):  JavaThread "Unknown thread" [_thread_in_vm, id=3156, stack(0x00000036e7200000,0x00000036e7300000)]

Stack: [0x00000036e7200000,0x00000036e7300000]
Native frames: (J=compiled Java code, j=interpreted, Vv=VM code, C=native code)
V  [jvm.dll+0x5f867a]
V  [jvm.dll+0x78124e]
V  [jvm.dll+0x78291f]
V  [jvm.dll+0x782fe3]
V  [jvm.dll+0x246e88]
V  [jvm.dll+0x5f582a]
V  [jvm.dll+0x5ea325]
V  [jvm.dll+0x2fbc5c]
V  [jvm.dll+0x2fbae2]
V  [jvm.dll+0x300796]
V  [jvm.dll+0x34550f]
V  [jvm.dll+0x344f40]
V  [jvm.dll+0x2d8e88]
V  [jvm.dll+0x2d9fd6]
V  [jvm.dll+0x75c8a7]
V  [jvm.dll+0x75e02f]
V  [jvm.dll+0x352289]
V  [jvm.dll+0x73f990]
V  [jvm.dll+0x3b9c3f]
V  [jvm.dll+0x3bc141]
C  [jli.dll+0x5207]
C  [ucrtbase.dll+0x21bb2]
C  [KERNEL32.DLL+0x17034]
C  [ntdll.dll+0x52651]


---------------  P R O C E S S  ---------------

Threads class SMR info:
_java_thread_list=0x000001c7629426e0, length=0, elements={
}

Java Threads: ( => current thread )

Other Threads:
  0x000001c762a53800 GCTaskThread "GC Thread#0" [stack: 0x00000036e7300000,0x00000036e7400000] [id=13456]
  0x000001c762a65000 ConcurrentGCThread "G1 Main Marker" [stack: 0x00000036e7400000,0x00000036e7500000] [id=980]
  0x000001c762a67800 ConcurrentGCThread "G1 Conc#0" [stack: 0x00000036e7500000,0x00000036e7600000] [id=15200]

[error occurred during error reporting (printing all threads), id 0xc0000005, EXCEPTION_ACCESS_VIOLATION (0xc0000005) at pc=0x00007ffdb1bb8547]

VM state:not at safepoint (not fully initialized)

VM Mutex/Monitor currently owned by a thread:  ([mutex/lock_event])
[0x000001c762a38600] Heap_lock - owner thread: 0x000001c762a3c000

Heap address: 0x00000000e0000000, size: 512 MB, Compressed Oops mode: Non-zero based: 0x00000000e0000000
Narrow klass base: 0x0000000000000000, Narrow klass shift: 0

GC Heap History (0 events):
No events

Deoptimization events (0 events):
No events

Classes redefined (0 events):
No events

Internal exceptions (0 events):
No events

Events (1 events):
Event: 0.008 Loaded shared library C:\Users\electro\.jdks\corretto-11.0.11\bin\zip.dll


Dynamic libraries:
0x00007ff7e8b20000 - 0x00007ff7e8b2d000 	C:\Users\electro\.jdks\corretto-11.0.11\bin\java.exe
0x00007ffdec730000 - 0x00007ffdec925000 	C:\WINDOWS\SYSTEM32\ntdll.dll
0x00007ffdeb180000 - 0x00007ffdeb23d000 	C:\WINDOWS\System32\KERNEL32.DLL
0x00007ffdea1e0000 - 0x00007ffdea4a8000 	C:\WINDOWS\System32\KERNELBASE.dll
0x00007ffde9ea0000 - 0x00007ffde9fa0000 	C:\WINDOWS\System32\ucrtbase.dll
0x00007ffddf170000 - 0x00007ffddf189000 	C:\Users\electro\.jdks\corretto-11.0.11\bin\VCRUNTIME140.dll
0x00007ffddf150000 - 0x00007ffddf167000 	C:\Users\electro\.jdks\corretto-11.0.11\bin\jli.dll
0x00007ffdec1a0000 - 0x00007ffdec340000 	C:\WINDOWS\System32\USER32.dll
0x00007ffde9e70000 - 0x00007ffde9e92000 	C:\WINDOWS\System32\win32u.dll
0x00007ffdd2590000 - 0x00007ffdd282a000 	C:\WINDOWS\WinSxS\amd64_microsoft.windows.common-controls_6595b64144ccf1df_6.0.19041.844_none_ca00b6081b84eb1d\COMCTL32.dll
0x00007ffdeb080000 - 0x00007ffdeb0aa000 	C:\WINDOWS\System32\GDI32.dll
0x00007ffdea0d0000 - 0x00007ffdea1db000 	C:\WINDOWS\System32\gdi32full.dll
0x00007ffdeb3a0000 - 0x00007ffdeb43e000 	C:\WINDOWS\System32\msvcrt.dll
0x00007ffdea6a0000 - 0x00007ffdea73d000 	C:\WINDOWS\System32\msvcp_win.dll
0x00007ffdec5e0000 - 0x00007ffdec610000 	C:\WINDOWS\System32\IMM32.DLL
0x00007ffdb6a90000 - 0x00007ffdb6b2b000 	C:\Users\electro\.jdks\corretto-11.0.11\bin\msvcp140.dll
0x00007ffdb18d0000 - 0x00007ffdb241c000 	C:\Users\electro\.jdks\corretto-11.0.11\bin\server\jvm.dll
0x00007ffdeb0d0000 - 0x00007ffdeb17c000 	C:\WINDOWS\System32\ADVAPI32.dll
0x00007ffdeb300000 - 0x00007ffdeb39b000 	C:\WINDOWS\System32\sechost.dll
0x00007ffdea930000 - 0x00007ffdeaa5b000 	C:\WINDOWS\System32\RPCRT4.dll
0x00007ffdeb0c0000 - 0x00007ffdeb0c8000 	C:\WINDOWS\System32\PSAPI.DLL
0x00007ffddf190000 - 0x00007ffddf199000 	C:\WINDOWS\SYSTEM32\WSOCK32.dll
0x00007ffde1c10000 - 0x00007ffde1c37000 	C:\WINDOWS\SYSTEM32\WINMM.dll
0x00007ffdec550000 - 0x00007ffdec5bb000 	C:\WINDOWS\System32\WS2_32.dll
0x00007ffde1c00000 - 0x00007ffde1c0a000 	C:\WINDOWS\SYSTEM32\VERSION.dll
0x00007ffde8750000 - 0x00007ffde8762000 	C:\WINDOWS\SYSTEM32\kernel.appcore.dll
0x00007ffde5600000 - 0x00007ffde5610000 	C:\Users\electro\.jdks\corretto-11.0.11\bin\verify.dll
0x00007ffde84f0000 - 0x00007ffde86d4000 	C:\WINDOWS\SYSTEM32\DBGHELP.DLL
0x00007ffdd7500000 - 0x00007ffdd752c000 	C:\WINDOWS\SYSTEM32\dbgcore.DLL
0x00007ffdea050000 - 0x00007ffdea0d0000 	C:\WINDOWS\System32\bcryptPrimitives.dll
0x00007ffdc6c40000 - 0x00007ffdc6c68000 	C:\Users\electro\.jdks\corretto-11.0.11\bin\java.dll
0x00007ffddf4c0000 - 0x00007ffddf4ca000 	C:\Users\electro\.jdks\corretto-11.0.11\bin\jimage.dll
0x00007ffdc60f0000 - 0x00007ffdc6107000 	C:\Users\electro\.jdks\corretto-11.0.11\bin\zip.dll

dbghelp: loaded successfully - version: 4.0.5 - missing functions: none
symbol engine: initialized successfully - sym options: 0x614 - pdb path: .;C:\Users\electro\.jdks\corretto-11.0.11\bin;C:\WINDOWS\SYSTEM32;C:\WINDOWS\WinSxS\amd64_microsoft.windows.common-controls_6595b64144ccf1df_6.0.19041.844_none_ca00b6081b84eb1d;C:\Users\electro\.jdks\corretto-11.0.11\bin\server

VM Arguments:
jvm_args: -Dorg.gradle.native=false -Xmx512m -Dfile.encoding=windows-1252 -Duser.country=CO -Duser.language=es -Duser.variant -ea 
java_command: worker.org.gradle.process.internal.worker.GradleWorkerMain 'Gradle Test Executor 1'
java_class_path (initial): C:\Users\electro\.gradle\caches\6.8\workerMain\gradle-worker.jar;D:\Users\electro\Documents\Sofka Study\webdrive_java\build\classes\java\test;D:\Users\electro\Documents\Sofka Study\webdrive_java\build\resources\test;D:\Users\electro\Documents\Sofka Study\webdrive_java\build\classes\java\main;D:\Users\electro\Documents\Sofka Study\webdrive_java\build\resources\main;C:\Users\electro\.gradle\caches\modules-2\files-2.1\org.seleniumhq.selenium\selenium-chrome-driver\3.141.59\67137314736c6a2f39a8aa59a562e9616ae5f77e\selenium-chrome-driver-3.141.59.jar;C:\Users\electro\.gradle\caches\modules-2\files-2.1\org.seleniumhq.selenium\selenium-support\4.0.0-alpha-1\91dd6fe9c4c424fe01a5aa4db7bae9c20bca07e7\selenium-support-4.0.0-alpha-1.jar;C:\Users\electro\.gradle\caches\modules-2\files-2.1\org.testng\testng\6.14.3\d24515dc253e77e54b73df97e1fb2eb7faf34fdd\testng-6.14.3.jar;C:\Users\electro\.gradle\caches\modules-2\files-2.1\org.seleniumhq.selenium\selenium-remote-driver\4.0.0-alpha-1\22b29396340cb549e665d685d981dfa8670d01e6\selenium-remote-driver-4.0.0-alpha-1.jar;C:\Users\electro\.gradle\caches\modules-2\files-2.1\org.seleniumhq.selenium\selenium-api\4.0.0-alpha-1\9cb387573b8dd4673b7991066b7afd9e1cabd930\selenium-api-4.0.0-alpha-1.jar;C:\Users\electro\.gradle\caches\modules-2\files-2.1\net.bytebuddy\byte-buddy\1.9.12\39050dbbd36862ea87eb9a64158854b04619ccd6\byte-buddy-1.9.12.jar;C:\Users\electro\.gradle\caches\modules-2\files-2.1\org.apache.commons\commons-exec\1.3\8dfb9facd0830a27b1b5f29f84593f0aeee7773b\commons-exec-1.3.jar;C:\Users\electro\.gradle\caches\modules-2\files-2.1\com.google.guava\guava\27.1-jre\e47b59c893079b87743cdcfb6f17ca95c08c592c\guava-27.1-jre.jar;C:\Users\electro\.gradle\caches\modules-2\files-2.1\com.squareup.okhttp3\okhttp\3.14.0\c3a9efd10f26a802da2c47dbe54a8d4c44a6019f\okhttp-3.14.0.jar;C:\Users\electro\.gradle\caches\modules-2\files-2.1\com.squareup.okio\okio\1.17.2\78c7820b205002da4d2d137f6f312bd64b3d6049\okio-1.17.2.jar;C:\U
Launcher Type: SUN_STANDARD

[Global flags]
     intx CICompilerCount                          = 3                                         {product} {ergonomic}
     uint ConcGCThreads                            = 1                                         {product} {ergonomic}
     uint G1ConcRefinementThreads                  = 4                                         {product} {ergonomic}
   size_t G1HeapRegionSize                         = 1048576                                   {product} {ergonomic}
    uintx GCDrainStackTargetSize                   = 64                                        {product} {ergonomic}
   size_t InitialHeapSize                          = 167772160                                 {product} {ergonomic}
   size_t MarkStackSize                            = 4194304                                   {product} {ergonomic}
   size_t MaxHeapSize                              = 536870912                                 {product} {command line}
   size_t MinHeapDeltaBytes                        = 1048576                                   {product} {ergonomic}
    uintx NonNMethodCodeHeapSize                   = 5830732                                {pd product} {ergonomic}
    uintx NonProfiledCodeHeapSize                  = 122913754                              {pd product} {ergonomic}
    uintx ProfiledCodeHeapSize                     = 122913754                              {pd product} {ergonomic}
    uintx ReservedCodeCacheSize                    = 251658240                              {pd product} {ergonomic}
     bool SegmentedCodeCache                       = true                                      {product} {ergonomic}
     bool UseCompressedClassPointers               = true                                 {lp64_product} {ergonomic}
     bool UseCompressedOops                        = true                                 {lp64_product} {ergonomic}
     bool UseG1GC                                  = true                                      {product} {ergonomic}
     bool UseLargePagesIndividualAllocation        = false                                  {pd product} {ergonomic}

Logging:
Log output configuration:
 #0: stdout all=warning uptime,level,tags
 #1: stderr all=off uptime,level,tags

Environment Variables:
JAVA_HOME=C:\Program Files\Java\jdk-16
PATH=C:\Program Files\Common Files\Oracle\Java\javapath;C:\Python39\Scripts\;C:\Python39\;C:\WINDOWS\system32;C:\WINDOWS;C:\WINDOWS\System32\Wbem;C:\WINDOWS\System32\WindowsPowerShell\v1.0\;C:\WINDOWS\System32\OpenSSH\;D:\Program Files\nodejs\;C:\ProgramData\chocolatey\bin;D:\Program Files\Git\cmd;C:\Program Files\Maven\apache-maven-3.6.3\bin;C:\Program Files\Microsoft SQL Server\120\Tools\Binn\;C:\Program Files\Microsoft SQL Server\Client SDK\ODBC\110\Tools\Binn\;C:\Program Files (x86)\Microsoft SQL Server\120\Tools\Binn\;C:\Program Files\Microsoft SQL Server\120\DTS\Binn\;C:\Program Files (x86)\Microsoft SQL Server\120\Tools\Binn\ManagementStudio\;C:\Program Files (x86)\Microsoft SQL Server\120\DTS\Binn\;C:\Program Files\Docker\Docker\resources\bin;C:\ProgramData\DockerDesktop\version-bin;C:\gradle\bin;C:\Program Files\MySQL\MySQL Shell 8.0\bin\;C:\Users\electro\AppData\Local\Microsoft\WindowsApps;;C:\Users\electro\AppData\Local\Programs\Microsoft VS Code\bin;C:\Users\electro\AppData\Roaming\npm;C:\Program Files\JetBrains\IntelliJ IDEA 2020.3.3\bin;
USERNAME=electro
OS=Windows_NT
PROCESSOR_IDENTIFIER=AMD64 Family 23 Model 24 Stepping 1, AuthenticAMD



---------------  S Y S T E M  ---------------

OS: Windows 10 , 64 bit Build 19041 (10.0.19041.928)
OS uptime: 0 days 18:02 hours
Hyper-V role detected

CPU:total 4 (initial active 4) (4 cores per cpu, 2 threads per core) family 23 model 24 stepping 1 microcode 0x0, cmov, cx8, fxsr, mmx, sse, sse2, sse3, ssse3, sse4.1, sse4.2, popcnt, avx, avx2, aes, clmul, mmxext, 3dnowpref, lzcnt, sse4a, ht, tsc, tscinvbit, tscinv, bmi1, bmi2, adx, s

Memory: 4k page, system-wide physical 10178M (2232M free)
TotalPageFile size 11779M (AvailPageFile size 45M)
current process WorkingSet (physical memory assigned to process): 9M, peak: 9M
current process commit charge ("private bytes"): 51M, peak: 211M

vm_info: OpenJDK 64-Bit Server VM (11.0.11+9-LTS) for windows-amd64 JRE (11.0.11+9-LTS), built on Apr 14 2021 00:00:20 by "Administrator" with MS VC++ 15.9 (VS2017)

END.
