#
# There is insufficient memory for the Java Runtime Environment to continue.
# Native memory allocation (malloc) failed to allocate 240096 bytes for Chunk::new
# Possible reasons:
#   The system is out of physical RAM or swap space
#   The process is running with CompressedOops enabled, and the Java Heap may be blocking the growth of the native heap
# Possible solutions:
#   Reduce memory load on the system
#   Increase physical memory or swap space
#   Check if swap backing store is full
#   Decrease Java heap size (-Xmx/-Xms)
#   Decrease number of Java threads
#   Decrease Java thread stack sizes (-Xss)
#   Set larger code cache with -XX:ReservedCodeCacheSize=
#   JVM is running with Unscaled Compressed Oops mode in which the Java heap is
#     placed in the first 4GB address space. The Java Heap base address is the
#     maximum limit for the native heap growth. Please use -XX:HeapBaseMinAddress
#     to set the Java Heap base and to place the Java Heap above 4GB virtual address.
# This output file may be truncated or incomplete.
#
#  Out of Memory Error (./src/hotspot/share/memory/arena.cpp:197), pid=4584, tid=15332
#
# JRE version: OpenJDK Runtime Environment Corretto-11.0.11.9.1 (11.0.11+9) (build 11.0.11+9-LTS)
# Java VM: OpenJDK 64-Bit Server VM Corretto-11.0.11.9.1 (11.0.11+9-LTS, mixed mode, tiered, compressed oops, g1 gc, windows-amd64)
# No core dump will be written. Minidumps are not enabled by default on client versions of Windows
#

---------------  S U M M A R Y ------------

Command Line: -XX:MaxMetaspaceSize=256m -XX:+HeapDumpOnOutOfMemoryError --add-opens=java.base/java.util=ALL-UNNAMED --add-opens=java.base/java.lang=ALL-UNNAMED --add-opens=java.base/java.lang.invoke=ALL-UNNAMED --add-opens=java.prefs/java.util.prefs=ALL-UNNAMED -Xms256m -Xmx512m -Dfile.encoding=windows-1252 -Duser.country=CO -Duser.language=es -Duser.variant org.gradle.launcher.daemon.bootstrap.GradleDaemon 6.8

Host: AMD Ryzen 3 3200U with Radeon Vega Mobile Gfx  , 4 cores, 9G,  Windows 10 , 64 bit Build 19041 (10.0.19041.928)
Time: Fri May  7 11:01:45 2021 Hora est. Pacífico, Sudamérica elapsed time: 3.105832 seconds (0d 0h 0m 3s)

---------------  T H R E A D  ---------------

Current thread (0x00000242e31bb000):  JavaThread "C2 CompilerThread0" daemon [_thread_in_native, id=15332, stack(0x0000007f57600000,0x0000007f57700000)]


Current CompileTask:
C2:   3105 1936       4       java.util.jar.JarFile::maybeInstantiateVerifier (112 bytes)

Stack: [0x0000007f57600000,0x0000007f57700000]
Native frames: (J=compiled Java code, j=interpreted, Vv=VM code, C=native code)
V  [jvm.dll+0x5f867a]
V  [jvm.dll+0x78124e]
V  [jvm.dll+0x78291f]
V  [jvm.dll+0x782fe3]
V  [jvm.dll+0x246e88]
V  [jvm.dll+0xbe2ac]
V  [jvm.dll+0xbe9ac]
V  [jvm.dll+0x2b60f4]
V  [jvm.dll+0x509e09]
V  [jvm.dll+0x20890d]
V  [jvm.dll+0x20297a]
V  [jvm.dll+0x1ffa8f]
V  [jvm.dll+0x184b4c]
V  [jvm.dll+0x20ee67]
V  [jvm.dll+0x20d04b]
V  [jvm.dll+0x745629]
V  [jvm.dll+0x73e694]
V  [jvm.dll+0x5f74f6]
C  [ucrtbase.dll+0x21bb2]
C  [KERNEL32.DLL+0x17034]
C  [ntdll.dll+0x52651]


---------------  P R O C E S S  ---------------

Threads class SMR info:
_java_thread_list=0x00000242e5c7c230, length=23, elements={
0x00000242c7b58000, 0x00000242e3194000, 0x00000242e319d800, 0x00000242e31b2800,
0x00000242e31b5800, 0x00000242e31b6000, 0x00000242e31bb000, 0x00000242e31c7000,
0x00000242e3b4c000, 0x00000242e3c9c000, 0x00000242e5ca9800, 0x00000242e3d75800,
0x00000242e4ef5800, 0x00000242e5513800, 0x00000242e4da1000, 0x00000242e51c1000,
0x00000242e568b800, 0x00000242e5b14000, 0x00000242e5cfc000, 0x00000242e6059000,
0x00000242e6057000, 0x00000242e6058000, 0x00000242e6059800
}

Java Threads: ( => current thread )
  0x00000242c7b58000 JavaThread "main" [_thread_blocked, id=14168, stack(0x0000007f56a00000,0x0000007f56b00000)]
  0x00000242e3194000 JavaThread "Reference Handler" daemon [_thread_blocked, id=11256, stack(0x0000007f57100000,0x0000007f57200000)]
  0x00000242e319d800 JavaThread "Finalizer" daemon [_thread_blocked, id=3004, stack(0x0000007f57200000,0x0000007f57300000)]
  0x00000242e31b2800 JavaThread "Signal Dispatcher" daemon [_thread_blocked, id=11160, stack(0x0000007f57300000,0x0000007f57400000)]
  0x00000242e31b5800 JavaThread "Attach Listener" daemon [_thread_blocked, id=14596, stack(0x0000007f57400000,0x0000007f57500000)]
  0x00000242e31b6000 JavaThread "Service Thread" daemon [_thread_blocked, id=3892, stack(0x0000007f57500000,0x0000007f57600000)]
=>0x00000242e31bb000 JavaThread "C2 CompilerThread0" daemon [_thread_in_native, id=15332, stack(0x0000007f57600000,0x0000007f57700000)]
  0x00000242e31c7000 JavaThread "C1 CompilerThread0" daemon [_thread_blocked, id=14496, stack(0x0000007f57700000,0x0000007f57800000)]
  0x00000242e3b4c000 JavaThread "Sweeper thread" daemon [_thread_blocked, id=6316, stack(0x0000007f57800000,0x0000007f57900000)]
  0x00000242e3c9c000 JavaThread "Common-Cleaner" daemon [_thread_blocked, id=8240, stack(0x0000007f57900000,0x0000007f57a00000)]
  0x00000242e5ca9800 JavaThread "Daemon health stats" [_thread_blocked, id=10988, stack(0x0000007f57f00000,0x0000007f58000000)]
  0x00000242e3d75800 JavaThread "Incoming local TCP Connector on port 57000" [_thread_in_native, id=11340, stack(0x0000007f58100000,0x0000007f58200000)]
  0x00000242e4ef5800 JavaThread "Daemon periodic checks" [_thread_blocked, id=8668, stack(0x0000007f58200000,0x0000007f58300000)]
  0x00000242e5513800 JavaThread "Daemon" [_thread_blocked, id=10616, stack(0x0000007f58300000,0x0000007f58400000)]
  0x00000242e4da1000 JavaThread "Handler for socket connection from /127.0.0.1:57000 to /127.0.0.1:57001" [_thread_in_native, id=12804, stack(0x0000007f58400000,0x0000007f58500000)]
  0x00000242e51c1000 JavaThread "Cancel handler" [_thread_blocked, id=13040, stack(0x0000007f58500000,0x0000007f58600000)]
  0x00000242e568b800 JavaThread "Daemon worker" [_thread_blocked, id=6752, stack(0x0000007f58600000,0x0000007f58700000)]
  0x00000242e5b14000 JavaThread "Asynchronous log dispatcher for DefaultDaemonConnection: socket connection from /127.0.0.1:57000 to /127.0.0.1:57001" [_thread_blocked, id=5248, stack(0x0000007f58700000,0x0000007f58800000)]
  0x00000242e5cfc000 JavaThread "Stdin handler" [_thread_blocked, id=12988, stack(0x0000007f58800000,0x0000007f58900000)]
  0x00000242e6059000 JavaThread "Daemon client event forwarder" [_thread_blocked, id=13868, stack(0x0000007f58900000,0x0000007f58a00000)]
  0x00000242e6057000 JavaThread "Cache worker for file hash cache (C:\Users\electro\.gradle\caches\6.8\fileHashes)" [_thread_blocked, id=12760, stack(0x0000007f58a00000,0x0000007f58b00000)]
  0x00000242e6058000 JavaThread "File lock request listener" [_thread_in_native, id=7684, stack(0x0000007f58b00000,0x0000007f58c00000)]
  0x00000242e6059800 JavaThread "Cache worker for journal cache (C:\Users\electro\.gradle\caches\journal-1)" [_thread_blocked, id=4468, stack(0x0000007f58c00000,0x0000007f58d00000)]

Other Threads:
  0x00000242e3192800 VMThread "VM Thread" [stack: 0x0000007f57000000,0x0000007f57100000] [id=12088]
  0x00000242e3ca5800 WatcherThread [stack: 0x0000007f57a00000,0x0000007f57b00000] [id=6672]
  0x00000242c7b72800 GCTaskThread "GC Thread#0" [stack: 0x0000007f56b00000,0x0000007f56c00000] [id=11792]
  0x00000242e40d0800 GCTaskThread "GC Thread#1" [stack: 0x0000007f57c00000,0x0000007f57d00000] [id=8576]
  0x00000242e40d1800 GCTaskThread "GC Thread#2" [stack: 0x0000007f57d00000,0x0000007f57e00000] [id=6196]
  0x00000242e435a800 GCTaskThread "GC Thread#3" [stack: 0x0000007f57e00000,0x0000007f57f00000] [id=9680]
  0x00000242c7b86000 ConcurrentGCThread "G1 Main Marker" [stack: 0x0000007f56c00000,0x0000007f56d00000] [id=1344]
  0x00000242c7b88000 ConcurrentGCThread "G1 Conc#0" [stack: 0x0000007f56d00000,0x0000007f56e00000] [id=1824]
  0x00000242c7c3e800 ConcurrentGCThread "G1 Refine#0" [stack: 0x0000007f56e00000,0x0000007f56f00000] [id=14868]
  0x00000242e3005000 ConcurrentGCThread "G1 Young RemSet Sampling" [stack: 0x0000007f56f00000,0x0000007f57000000] [id=8736]

Threads with active compile tasks:
C2 CompilerThread0   3122 1936       4       java.util.jar.JarFile::maybeInstantiateVerifier (112 bytes)

VM state:at safepoint (normal execution)

VM Mutex/Monitor currently owned by a thread:  ([mutex/lock_event])
[0x00000242c7b56790] Threads_lock - owner thread: 0x00000242e3192800
[0x00000242c7b569d0] Heap_lock - owner thread: 0x00000242e568b800

Heap address: 0x00000000e0000000, size: 512 MB, Compressed Oops mode: 32-bit
Narrow klass base: 0x0000000000000000, Narrow klass shift: 3
Compressed class space size: 260046848 Address: 0x0000000100000000

Heap:
 garbage-first heap   total 262144K, used 16815K [0x00000000e0000000, 0x0000000100000000)
  region size 1024K, 4 young (4096K), 4 survivors (4096K)
 Metaspace       used 21128K, capacity 21743K, committed 21888K, reserved 288768K
  class space    used 2605K, capacity 2830K, committed 2944K, reserved 253952K
Heap Regions: E=young(eden), S=young(survivor), O=old, HS=humongous(starts), HC=humongous(continues), CS=collection set, F=free, A=archive, TAMS=top-at-mark-start (previous, next)
|   0|0x00000000e0000000, 0x00000000e0100000, 0x00000000e0100000|100%| O|  |TAMS 0x00000000e0100000, 0x00000000e0100000| Untracked 
|   1|0x00000000e0100000, 0x00000000e0200000, 0x00000000e0200000|100%| O|  |TAMS 0x00000000e0200000, 0x00000000e0200000| Untracked 
|   2|0x00000000e0200000, 0x00000000e0300000, 0x00000000e0300000|100%| O|  |TAMS 0x00000000e0300000, 0x00000000e0300000| Untracked 
|   3|0x00000000e0300000, 0x00000000e0400000, 0x00000000e0400000|100%|HS|  |TAMS 0x00000000e0400000, 0x00000000e0400000| Complete 
|   4|0x00000000e0400000, 0x00000000e0500000, 0x00000000e0500000|100%|HC|  |TAMS 0x00000000e0500000, 0x00000000e0500000| Complete 
|   5|0x00000000e0500000, 0x00000000e0600000, 0x00000000e0600000|100%|HC|  |TAMS 0x00000000e0600000, 0x00000000e0600000| Complete 
|   6|0x00000000e0600000, 0x00000000e0700000, 0x00000000e0700000|100%| O|  |TAMS 0x00000000e0700000, 0x00000000e0700000| Untracked 
|   7|0x00000000e0700000, 0x00000000e0800000, 0x00000000e0800000|100%| O|  |TAMS 0x00000000e0800000, 0x00000000e0800000| Untracked 
|   8|0x00000000e0800000, 0x00000000e0900000, 0x00000000e0900000|100%| O|  |TAMS 0x00000000e0900000, 0x00000000e0900000| Untracked 
|   9|0x00000000e0900000, 0x00000000e0a00000, 0x00000000e0a00000|100%| O|  |TAMS 0x00000000e0a00000, 0x00000000e0a00000| Untracked 
|  10|0x00000000e0a00000, 0x00000000e0b00000, 0x00000000e0b00000|100%| O|  |TAMS 0x00000000e0b00000, 0x00000000e0b00000| Untracked 
|  11|0x00000000e0b00000, 0x00000000e0c00000, 0x00000000e0c00000|100%| O|  |TAMS 0x00000000e0c00000, 0x00000000e0c00000| Untracked 
|  12|0x00000000e0c00000, 0x00000000e0cefa00, 0x00000000e0d00000| 93%| O|  |TAMS 0x00000000e0cefa00, 0x00000000e0cefa00| Untracked 
|  13|0x00000000e0d00000, 0x00000000e0d00000, 0x00000000e0e00000|  0%| F|  |TAMS 0x00000000e0d00000, 0x00000000e0d00000| Untracked 
|  14|0x00000000e0e00000, 0x00000000e0e00000, 0x00000000e0f00000|  0%| F|  |TAMS 0x00000000e0e00000, 0x00000000e0e00000| Untracked 
|  15|0x00000000e0f00000, 0x00000000e0f00000, 0x00000000e1000000|  0%| F|  |TAMS 0x00000000e0f00000, 0x00000000e0f00000| Untracked 
|  16|0x00000000e1000000, 0x00000000e1000000, 0x00000000e1100000|  0%| F|  |TAMS 0x00000000e1000000, 0x00000000e1000000| Untracked 
|  17|0x00000000e1100000, 0x00000000e1100000, 0x00000000e1200000|  0%| F|  |TAMS 0x00000000e1100000, 0x00000000e1100000| Untracked 
|  18|0x00000000e1200000, 0x00000000e1200000, 0x00000000e1300000|  0%| F|  |TAMS 0x00000000e1200000, 0x00000000e1200000| Untracked 
|  19|0x00000000e1300000, 0x00000000e1300000, 0x00000000e1400000|  0%| F|  |TAMS 0x00000000e1300000, 0x00000000e1300000| Untracked 
|  20|0x00000000e1400000, 0x00000000e1400000, 0x00000000e1500000|  0%| F|  |TAMS 0x00000000e1400000, 0x00000000e1400000| Untracked 
|  21|0x00000000e1500000, 0x00000000e1500000, 0x00000000e1600000|  0%| F|  |TAMS 0x00000000e1500000, 0x00000000e1500000| Untracked 
|  22|0x00000000e1600000, 0x00000000e1600000, 0x00000000e1700000|  0%| F|  |TAMS 0x00000000e1600000, 0x00000000e1600000| Untracked 
|  23|0x00000000e1700000, 0x00000000e1700000, 0x00000000e1800000|  0%| F|  |TAMS 0x00000000e1700000, 0x00000000e1700000| Untracked 
|  24|0x00000000e1800000, 0x00000000e1800000, 0x00000000e1900000|  0%| F|  |TAMS 0x00000000e1800000, 0x00000000e1800000| Untracked 
|  25|0x00000000e1900000, 0x00000000e1900000, 0x00000000e1a00000|  0%| F|  |TAMS 0x00000000e1900000, 0x00000000e1900000| Untracked 
|  26|0x00000000e1a00000, 0x00000000e1a00000, 0x00000000e1b00000|  0%| F|  |TAMS 0x00000000e1a00000, 0x00000000e1a00000| Untracked 
|  27|0x00000000e1b00000, 0x00000000e1b00000, 0x00000000e1c00000|  0%| F|  |TAMS 0x00000000e1b00000, 0x00000000e1b00000| Untracked 
|  28|0x00000000e1c00000, 0x00000000e1c00000, 0x00000000e1d00000|  0%| F|  |TAMS 0x00000000e1c00000, 0x00000000e1c00000| Untracked 
|  29|0x00000000e1d00000, 0x00000000e1d00000, 0x00000000e1e00000|  0%| F|  |TAMS 0x00000000e1d00000, 0x00000000e1d00000| Untracked 
|  30|0x00000000e1e00000, 0x00000000e1e00000, 0x00000000e1f00000|  0%| F|  |TAMS 0x00000000e1e00000, 0x00000000e1e00000| Untracked 
|  31|0x00000000e1f00000, 0x00000000e1f00000, 0x00000000e2000000|  0%| F|  |TAMS 0x00000000e1f00000, 0x00000000e1f00000| Untracked 
|  32|0x00000000e2000000, 0x00000000e2000000, 0x00000000e2100000|  0%| F|  |TAMS 0x00000000e2000000, 0x00000000e2000000| Untracked 
|  33|0x00000000e2100000, 0x00000000e2100000, 0x00000000e2200000|  0%| F|  |TAMS 0x00000000e2100000, 0x00000000e2100000| Untracked 
|  34|0x00000000e2200000, 0x00000000e2200000, 0x00000000e2300000|  0%| F|  |TAMS 0x00000000e2200000, 0x00000000e2200000| Untracked 
|  35|0x00000000e2300000, 0x00000000e2300000, 0x00000000e2400000|  0%| F|  |TAMS 0x00000000e2300000, 0x00000000e2300000| Untracked 
|  36|0x00000000e2400000, 0x00000000e2400000, 0x00000000e2500000|  0%| F|  |TAMS 0x00000000e2400000, 0x00000000e2400000| Untracked 
|  37|0x00000000e2500000, 0x00000000e2500000, 0x00000000e2600000|  0%| F|  |TAMS 0x00000000e2500000, 0x00000000e2500000| Untracked 
|  38|0x00000000e2600000, 0x00000000e2600000, 0x00000000e2700000|  0%| F|  |TAMS 0x00000000e2600000, 0x00000000e2600000| Untracked 
|  39|0x00000000e2700000, 0x00000000e2700000, 0x00000000e2800000|  0%| F|  |TAMS 0x00000000e2700000, 0x00000000e2700000| Untracked 
|  40|0x00000000e2800000, 0x00000000e2800000, 0x00000000e2900000|  0%| F|  |TAMS 0x00000000e2800000, 0x00000000e2800000| Untracked 
|  41|0x00000000e2900000, 0x00000000e2900000, 0x00000000e2a00000|  0%| F|  |TAMS 0x00000000e2900000, 0x00000000e2900000| Untracked 
|  42|0x00000000e2a00000, 0x00000000e2a00000, 0x00000000e2b00000|  0%| F|  |TAMS 0x00000000e2a00000, 0x00000000e2a00000| Untracked 
|  43|0x00000000e2b00000, 0x00000000e2b00000, 0x00000000e2c00000|  0%| F|  |TAMS 0x00000000e2b00000, 0x00000000e2b00000| Untracked 
|  44|0x00000000e2c00000, 0x00000000e2c00000, 0x00000000e2d00000|  0%| F|  |TAMS 0x00000000e2c00000, 0x00000000e2c00000| Untracked 
|  45|0x00000000e2d00000, 0x00000000e2d00000, 0x00000000e2e00000|  0%| F|  |TAMS 0x00000000e2d00000, 0x00000000e2d00000| Untracked 
|  46|0x00000000e2e00000, 0x00000000e2e00000, 0x00000000e2f00000|  0%| F|  |TAMS 0x00000000e2e00000, 0x00000000e2e00000| Untracked 
|  47|0x00000000e2f00000, 0x00000000e2f00000, 0x00000000e3000000|  0%| F|  |TAMS 0x00000000e2f00000, 0x00000000e2f00000| Untracked 
|  48|0x00000000e3000000, 0x00000000e3000000, 0x00000000e3100000|  0%| F|  |TAMS 0x00000000e3000000, 0x00000000e3000000| Untracked 
|  49|0x00000000e3100000, 0x00000000e3100000, 0x00000000e3200000|  0%| F|  |TAMS 0x00000000e3100000, 0x00000000e3100000| Untracked 
|  50|0x00000000e3200000, 0x00000000e3200000, 0x00000000e3300000|  0%| F|  |TAMS 0x00000000e3200000, 0x00000000e3200000| Untracked 
|  51|0x00000000e3300000, 0x00000000e3300000, 0x00000000e3400000|  0%| F|  |TAMS 0x00000000e3300000, 0x00000000e3300000| Untracked 
|  52|0x00000000e3400000, 0x00000000e3400000, 0x00000000e3500000|  0%| F|  |TAMS 0x00000000e3400000, 0x00000000e3400000| Untracked 
|  53|0x00000000e3500000, 0x00000000e3500000, 0x00000000e3600000|  0%| F|  |TAMS 0x00000000e3500000, 0x00000000e3500000| Untracked 
|  54|0x00000000e3600000, 0x00000000e3600000, 0x00000000e3700000|  0%| F|  |TAMS 0x00000000e3600000, 0x00000000e3600000| Untracked 
|  55|0x00000000e3700000, 0x00000000e3700000, 0x00000000e3800000|  0%| F|  |TAMS 0x00000000e3700000, 0x00000000e3700000| Untracked 
|  56|0x00000000e3800000, 0x00000000e3800000, 0x00000000e3900000|  0%| F|  |TAMS 0x00000000e3800000, 0x00000000e3800000| Untracked 
|  57|0x00000000e3900000, 0x00000000e3900000, 0x00000000e3a00000|  0%| F|  |TAMS 0x00000000e3900000, 0x00000000e3900000| Untracked 
|  58|0x00000000e3a00000, 0x00000000e3a00000, 0x00000000e3b00000|  0%| F|  |TAMS 0x00000000e3a00000, 0x00000000e3a00000| Untracked 
|  59|0x00000000e3b00000, 0x00000000e3b00000, 0x00000000e3c00000|  0%| F|  |TAMS 0x00000000e3b00000, 0x00000000e3b00000| Untracked 
|  60|0x00000000e3c00000, 0x00000000e3c00000, 0x00000000e3d00000|  0%| F|  |TAMS 0x00000000e3c00000, 0x00000000e3c00000| Untracked 
|  61|0x00000000e3d00000, 0x00000000e3d00000, 0x00000000e3e00000|  0%| F|  |TAMS 0x00000000e3d00000, 0x00000000e3d00000| Untracked 
|  62|0x00000000e3e00000, 0x00000000e3e00000, 0x00000000e3f00000|  0%| F|  |TAMS 0x00000000e3e00000, 0x00000000e3e00000| Untracked 
|  63|0x00000000e3f00000, 0x00000000e3f00000, 0x00000000e4000000|  0%| F|  |TAMS 0x00000000e3f00000, 0x00000000e3f00000| Untracked 
|  64|0x00000000e4000000, 0x00000000e4000000, 0x00000000e4100000|  0%| F|  |TAMS 0x00000000e4000000, 0x00000000e4000000| Untracked 
|  65|0x00000000e4100000, 0x00000000e4100000, 0x00000000e4200000|  0%| F|  |TAMS 0x00000000e4100000, 0x00000000e4100000| Untracked 
|  66|0x00000000e4200000, 0x00000000e4200000, 0x00000000e4300000|  0%| F|  |TAMS 0x00000000e4200000, 0x00000000e4200000| Untracked 
|  67|0x00000000e4300000, 0x00000000e4300000, 0x00000000e4400000|  0%| F|  |TAMS 0x00000000e4300000, 0x00000000e4300000| Untracked 
|  68|0x00000000e4400000, 0x00000000e4400000, 0x00000000e4500000|  0%| F|  |TAMS 0x00000000e4400000, 0x00000000e4400000| Untracked 
|  69|0x00000000e4500000, 0x00000000e4500000, 0x00000000e4600000|  0%| F|  |TAMS 0x00000000e4500000, 0x00000000e4500000| Untracked 
|  70|0x00000000e4600000, 0x00000000e4600000, 0x00000000e4700000|  0%| F|  |TAMS 0x00000000e4600000, 0x00000000e4600000| Untracked 
|  71|0x00000000e4700000, 0x00000000e4700000, 0x00000000e4800000|  0%| F|  |TAMS 0x00000000e4700000, 0x00000000e4700000| Untracked 
|  72|0x00000000e4800000, 0x00000000e4800000, 0x00000000e4900000|  0%| F|  |TAMS 0x00000000e4800000, 0x00000000e4800000| Untracked 
|  73|0x00000000e4900000, 0x00000000e4900000, 0x00000000e4a00000|  0%| F|  |TAMS 0x00000000e4900000, 0x00000000e4900000| Untracked 
|  74|0x00000000e4a00000, 0x00000000e4a00000, 0x00000000e4b00000|  0%| F|  |TAMS 0x00000000e4a00000, 0x00000000e4a00000| Untracked 
|  75|0x00000000e4b00000, 0x00000000e4b00000, 0x00000000e4c00000|  0%| F|  |TAMS 0x00000000e4b00000, 0x00000000e4b00000| Untracked 
|  76|0x00000000e4c00000, 0x00000000e4c00000, 0x00000000e4d00000|  0%| F|  |TAMS 0x00000000e4c00000, 0x00000000e4c00000| Untracked 
|  77|0x00000000e4d00000, 0x00000000e4d00000, 0x00000000e4e00000|  0%| F|  |TAMS 0x00000000e4d00000, 0x00000000e4d00000| Untracked 
|  78|0x00000000e4e00000, 0x00000000e4e00000, 0x00000000e4f00000|  0%| F|  |TAMS 0x00000000e4e00000, 0x00000000e4e00000| Untracked 
|  79|0x00000000e4f00000, 0x00000000e4f00000, 0x00000000e5000000|  0%| F|  |TAMS 0x00000000e4f00000, 0x00000000e4f00000| Untracked 
|  80|0x00000000e5000000, 0x00000000e5000000, 0x00000000e5100000|  0%| F|  |TAMS 0x00000000e5000000, 0x00000000e5000000| Untracked 
|  81|0x00000000e5100000, 0x00000000e5100000, 0x00000000e5200000|  0%| F|  |TAMS 0x00000000e5100000, 0x00000000e5100000| Untracked 
|  82|0x00000000e5200000, 0x00000000e5200000, 0x00000000e5300000|  0%| F|  |TAMS 0x00000000e5200000, 0x00000000e5200000| Untracked 
|  83|0x00000000e5300000, 0x00000000e5300000, 0x00000000e5400000|  0%| F|  |TAMS 0x00000000e5300000, 0x00000000e5300000| Untracked 
|  84|0x00000000e5400000, 0x00000000e5400000, 0x00000000e5500000|  0%| F|  |TAMS 0x00000000e5400000, 0x00000000e5400000| Untracked 
|  85|0x00000000e5500000, 0x00000000e5500000, 0x00000000e5600000|  0%| F|  |TAMS 0x00000000e5500000, 0x00000000e5500000| Untracked 
|  86|0x00000000e5600000, 0x00000000e5600000, 0x00000000e5700000|  0%| F|  |TAMS 0x00000000e5600000, 0x00000000e5600000| Untracked 
|  87|0x00000000e5700000, 0x00000000e5700000, 0x00000000e5800000|  0%| F|  |TAMS 0x00000000e5700000, 0x00000000e5700000| Untracked 
|  88|0x00000000e5800000, 0x00000000e5800000, 0x00000000e5900000|  0%| F|  |TAMS 0x00000000e5800000, 0x00000000e5800000| Untracked 
|  89|0x00000000e5900000, 0x00000000e5900000, 0x00000000e5a00000|  0%| F|  |TAMS 0x00000000e5900000, 0x00000000e5900000| Untracked 
|  90|0x00000000e5a00000, 0x00000000e5a00000, 0x00000000e5b00000|  0%| F|  |TAMS 0x00000000e5a00000, 0x00000000e5a00000| Untracked 
|  91|0x00000000e5b00000, 0x00000000e5b00000, 0x00000000e5c00000|  0%| F|  |TAMS 0x00000000e5b00000, 0x00000000e5b00000| Untracked 
|  92|0x00000000e5c00000, 0x00000000e5c00000, 0x00000000e5d00000|  0%| F|  |TAMS 0x00000000e5c00000, 0x00000000e5c00000| Untracked 
|  93|0x00000000e5d00000, 0x00000000e5d00000, 0x00000000e5e00000|  0%| F|  |TAMS 0x00000000e5d00000, 0x00000000e5d00000| Untracked 
|  94|0x00000000e5e00000, 0x00000000e5e00000, 0x00000000e5f00000|  0%| F|  |TAMS 0x00000000e5e00000, 0x00000000e5e00000| Untracked 
|  95|0x00000000e5f00000, 0x00000000e5f00000, 0x00000000e6000000|  0%| F|  |TAMS 0x00000000e5f00000, 0x00000000e5f00000| Untracked 
|  96|0x00000000e6000000, 0x00000000e6000000, 0x00000000e6100000|  0%| F|  |TAMS 0x00000000e6000000, 0x00000000e6000000| Untracked 
|  97|0x00000000e6100000, 0x00000000e6100000, 0x00000000e6200000|  0%| F|  |TAMS 0x00000000e6100000, 0x00000000e6100000| Untracked 
|  98|0x00000000e6200000, 0x00000000e6200000, 0x00000000e6300000|  0%| F|  |TAMS 0x00000000e6200000, 0x00000000e6200000| Untracked 
|  99|0x00000000e6300000, 0x00000000e6300000, 0x00000000e6400000|  0%| F|  |TAMS 0x00000000e6300000, 0x00000000e6300000| Untracked 
| 100|0x00000000e6400000, 0x00000000e6400000, 0x00000000e6500000|  0%| F|  |TAMS 0x00000000e6400000, 0x00000000e6400000| Untracked 
| 101|0x00000000e6500000, 0x00000000e6500000, 0x00000000e6600000|  0%| F|  |TAMS 0x00000000e6500000, 0x00000000e6500000| Untracked 
| 102|0x00000000e6600000, 0x00000000e6600000, 0x00000000e6700000|  0%| F|  |TAMS 0x00000000e6600000, 0x00000000e6600000| Untracked 
| 103|0x00000000e6700000, 0x00000000e6700000, 0x00000000e6800000|  0%| F|  |TAMS 0x00000000e6700000, 0x00000000e6700000| Untracked 
| 104|0x00000000e6800000, 0x00000000e6800000, 0x00000000e6900000|  0%| F|  |TAMS 0x00000000e6800000, 0x00000000e6800000| Untracked 
| 105|0x00000000e6900000, 0x00000000e6900000, 0x00000000e6a00000|  0%| F|  |TAMS 0x00000000e6900000, 0x00000000e6900000| Untracked 
| 106|0x00000000e6a00000, 0x00000000e6a00000, 0x00000000e6b00000|  0%| F|  |TAMS 0x00000000e6a00000, 0x00000000e6a00000| Untracked 
| 107|0x00000000e6b00000, 0x00000000e6b00000, 0x00000000e6c00000|  0%| F|  |TAMS 0x00000000e6b00000, 0x00000000e6b00000| Untracked 
| 108|0x00000000e6c00000, 0x00000000e6c00000, 0x00000000e6d00000|  0%| F|  |TAMS 0x00000000e6c00000, 0x00000000e6c00000| Untracked 
| 109|0x00000000e6d00000, 0x00000000e6d00000, 0x00000000e6e00000|  0%| F|  |TAMS 0x00000000e6d00000, 0x00000000e6d00000| Untracked 
| 110|0x00000000e6e00000, 0x00000000e6e00000, 0x00000000e6f00000|  0%| F|  |TAMS 0x00000000e6e00000, 0x00000000e6e00000| Untracked 
| 111|0x00000000e6f00000, 0x00000000e6f00000, 0x00000000e7000000|  0%| F|  |TAMS 0x00000000e6f00000, 0x00000000e6f00000| Untracked 
| 112|0x00000000e7000000, 0x00000000e7000000, 0x00000000e7100000|  0%| F|  |TAMS 0x00000000e7000000, 0x00000000e7000000| Untracked 
| 113|0x00000000e7100000, 0x00000000e7100000, 0x00000000e7200000|  0%| F|  |TAMS 0x00000000e7100000, 0x00000000e7100000| Untracked 
| 114|0x00000000e7200000, 0x00000000e7200000, 0x00000000e7300000|  0%| F|  |TAMS 0x00000000e7200000, 0x00000000e7200000| Untracked 
| 115|0x00000000e7300000, 0x00000000e7300000, 0x00000000e7400000|  0%| F|  |TAMS 0x00000000e7300000, 0x00000000e7300000| Untracked 
| 116|0x00000000e7400000, 0x00000000e7400000, 0x00000000e7500000|  0%| F|  |TAMS 0x00000000e7400000, 0x00000000e7400000| Untracked 
| 117|0x00000000e7500000, 0x00000000e7500000, 0x00000000e7600000|  0%| F|  |TAMS 0x00000000e7500000, 0x00000000e7500000| Untracked 
| 118|0x00000000e7600000, 0x00000000e7600000, 0x00000000e7700000|  0%| F|  |TAMS 0x00000000e7600000, 0x00000000e7600000| Untracked 
| 119|0x00000000e7700000, 0x00000000e7700000, 0x00000000e7800000|  0%| F|  |TAMS 0x00000000e7700000, 0x00000000e7700000| Untracked 
| 120|0x00000000e7800000, 0x00000000e7800000, 0x00000000e7900000|  0%| F|  |TAMS 0x00000000e7800000, 0x00000000e7800000| Untracked 
| 121|0x00000000e7900000, 0x00000000e7900000, 0x00000000e7a00000|  0%| F|  |TAMS 0x00000000e7900000, 0x00000000e7900000| Untracked 
| 122|0x00000000e7a00000, 0x00000000e7a00000, 0x00000000e7b00000|  0%| F|  |TAMS 0x00000000e7a00000, 0x00000000e7a00000| Untracked 
| 123|0x00000000e7b00000, 0x00000000e7b00000, 0x00000000e7c00000|  0%| F|  |TAMS 0x00000000e7b00000, 0x00000000e7b00000| Untracked 
| 124|0x00000000e7c00000, 0x00000000e7c00000, 0x00000000e7d00000|  0%| F|  |TAMS 0x00000000e7c00000, 0x00000000e7c00000| Untracked 
| 125|0x00000000e7d00000, 0x00000000e7d00000, 0x00000000e7e00000|  0%| F|  |TAMS 0x00000000e7d00000, 0x00000000e7d00000| Untracked 
| 126|0x00000000e7e00000, 0x00000000e7e00000, 0x00000000e7f00000|  0%| F|  |TAMS 0x00000000e7e00000, 0x00000000e7e00000| Untracked 
| 127|0x00000000e7f00000, 0x00000000e7f00000, 0x00000000e8000000|  0%| F|  |TAMS 0x00000000e7f00000, 0x00000000e7f00000| Untracked 
| 128|0x00000000e8000000, 0x00000000e8000000, 0x00000000e8100000|  0%| F|  |TAMS 0x00000000e8000000, 0x00000000e8000000| Untracked 
| 129|0x00000000e8100000, 0x00000000e8100000, 0x00000000e8200000|  0%| F|  |TAMS 0x00000000e8100000, 0x00000000e8100000| Untracked 
| 130|0x00000000e8200000, 0x00000000e8200000, 0x00000000e8300000|  0%| F|  |TAMS 0x00000000e8200000, 0x00000000e8200000| Untracked 
| 131|0x00000000e8300000, 0x00000000e8300000, 0x00000000e8400000|  0%| F|  |TAMS 0x00000000e8300000, 0x00000000e8300000| Untracked 
| 132|0x00000000e8400000, 0x00000000e8400000, 0x00000000e8500000|  0%| F|  |TAMS 0x00000000e8400000, 0x00000000e8400000| Untracked 
| 133|0x00000000e8500000, 0x00000000e8500000, 0x00000000e8600000|  0%| F|  |TAMS 0x00000000e8500000, 0x00000000e8500000| Untracked 
| 134|0x00000000e8600000, 0x00000000e8600000, 0x00000000e8700000|  0%| F|  |TAMS 0x00000000e8600000, 0x00000000e8600000| Untracked 
| 135|0x00000000e8700000, 0x00000000e8700000, 0x00000000e8800000|  0%| F|  |TAMS 0x00000000e8700000, 0x00000000e8700000| Untracked 
| 136|0x00000000e8800000, 0x00000000e8800000, 0x00000000e8900000|  0%| F|  |TAMS 0x00000000e8800000, 0x00000000e8800000| Untracked 
| 137|0x00000000e8900000, 0x00000000e8900000, 0x00000000e8a00000|  0%| F|  |TAMS 0x00000000e8900000, 0x00000000e8900000| Untracked 
| 138|0x00000000e8a00000, 0x00000000e8a00000, 0x00000000e8b00000|  0%| F|  |TAMS 0x00000000e8a00000, 0x00000000e8a00000| Untracked 
| 139|0x00000000e8b00000, 0x00000000e8b00000, 0x00000000e8c00000|  0%| F|  |TAMS 0x00000000e8b00000, 0x00000000e8b00000| Untracked 
| 140|0x00000000e8c00000, 0x00000000e8c00000, 0x00000000e8d00000|  0%| F|  |TAMS 0x00000000e8c00000, 0x00000000e8c00000| Untracked 
| 141|0x00000000e8d00000, 0x00000000e8d00000, 0x00000000e8e00000|  0%| F|  |TAMS 0x00000000e8d00000, 0x00000000e8d00000| Untracked 
| 142|0x00000000e8e00000, 0x00000000e8e00000, 0x00000000e8f00000|  0%| F|  |TAMS 0x00000000e8e00000, 0x00000000e8e00000| Untracked 
| 143|0x00000000e8f00000, 0x00000000e8f00000, 0x00000000e9000000|  0%| F|  |TAMS 0x00000000e8f00000, 0x00000000e8f00000| Untracked 
| 144|0x00000000e9000000, 0x00000000e9000000, 0x00000000e9100000|  0%| F|  |TAMS 0x00000000e9000000, 0x00000000e9000000| Untracked 
| 145|0x00000000e9100000, 0x00000000e9100000, 0x00000000e9200000|  0%| F|  |TAMS 0x00000000e9100000, 0x00000000e9100000| Untracked 
| 146|0x00000000e9200000, 0x00000000e9200000, 0x00000000e9300000|  0%| F|  |TAMS 0x00000000e9200000, 0x00000000e9200000| Untracked 
| 147|0x00000000e9300000, 0x00000000e9300000, 0x00000000e9400000|  0%| F|  |TAMS 0x00000000e9300000, 0x00000000e9300000| Untracked 
| 148|0x00000000e9400000, 0x00000000e9400000, 0x00000000e9500000|  0%| F|  |TAMS 0x00000000e9400000, 0x00000000e9400000| Untracked 
| 149|0x00000000e9500000, 0x00000000e9500000, 0x00000000e9600000|  0%| F|  |TAMS 0x00000000e9500000, 0x00000000e9500000| Untracked 
| 150|0x00000000e9600000, 0x00000000e9600000, 0x00000000e9700000|  0%| F|  |TAMS 0x00000000e9600000, 0x00000000e9600000| Untracked 
| 151|0x00000000e9700000, 0x00000000e9700000, 0x00000000e9800000|  0%| F|  |TAMS 0x00000000e9700000, 0x00000000e9700000| Untracked 
| 152|0x00000000e9800000, 0x00000000e9800000, 0x00000000e9900000|  0%| F|  |TAMS 0x00000000e9800000, 0x00000000e9800000| Untracked 
| 153|0x00000000e9900000, 0x00000000e9900000, 0x00000000e9a00000|  0%| F|  |TAMS 0x00000000e9900000, 0x00000000e9900000| Untracked 
| 154|0x00000000e9a00000, 0x00000000e9a00000, 0x00000000e9b00000|  0%| F|  |TAMS 0x00000000e9a00000, 0x00000000e9a00000| Untracked 
| 155|0x00000000e9b00000, 0x00000000e9b00000, 0x00000000e9c00000|  0%| F|  |TAMS 0x00000000e9b00000, 0x00000000e9b00000| Untracked 
| 156|0x00000000e9c00000, 0x00000000e9c00000, 0x00000000e9d00000|  0%| F|  |TAMS 0x00000000e9c00000, 0x00000000e9c00000| Untracked 
| 157|0x00000000e9d00000, 0x00000000e9d00000, 0x00000000e9e00000|  0%| F|  |TAMS 0x00000000e9d00000, 0x00000000e9d00000| Untracked 
| 158|0x00000000e9e00000, 0x00000000e9e00000, 0x00000000e9f00000|  0%| F|  |TAMS 0x00000000e9e00000, 0x00000000e9e00000| Untracked 
| 159|0x00000000e9f00000, 0x00000000e9f00000, 0x00000000ea000000|  0%| F|  |TAMS 0x00000000e9f00000, 0x00000000e9f00000| Untracked 
| 160|0x00000000ea000000, 0x00000000ea000000, 0x00000000ea100000|  0%| F|  |TAMS 0x00000000ea000000, 0x00000000ea000000| Untracked 
| 161|0x00000000ea100000, 0x00000000ea100000, 0x00000000ea200000|  0%| F|  |TAMS 0x00000000ea100000, 0x00000000ea100000| Untracked 
| 162|0x00000000ea200000, 0x00000000ea200000, 0x00000000ea300000|  0%| F|  |TAMS 0x00000000ea200000, 0x00000000ea200000| Untracked 
| 163|0x00000000ea300000, 0x00000000ea300000, 0x00000000ea400000|  0%| F|  |TAMS 0x00000000ea300000, 0x00000000ea300000| Untracked 
| 164|0x00000000ea400000, 0x00000000ea400000, 0x00000000ea500000|  0%| F|  |TAMS 0x00000000ea400000, 0x00000000ea400000| Untracked 
| 165|0x00000000ea500000, 0x00000000ea500000, 0x00000000ea600000|  0%| F|  |TAMS 0x00000000ea500000, 0x00000000ea500000| Untracked 
| 166|0x00000000ea600000, 0x00000000ea600000, 0x00000000ea700000|  0%| F|  |TAMS 0x00000000ea600000, 0x00000000ea600000| Untracked 
| 167|0x00000000ea700000, 0x00000000ea700000, 0x00000000ea800000|  0%| F|  |TAMS 0x00000000ea700000, 0x00000000ea700000| Untracked 
| 168|0x00000000ea800000, 0x00000000ea800000, 0x00000000ea900000|  0%| F|  |TAMS 0x00000000ea800000, 0x00000000ea800000| Untracked 
| 169|0x00000000ea900000, 0x00000000ea900000, 0x00000000eaa00000|  0%| F|  |TAMS 0x00000000ea900000, 0x00000000ea900000| Untracked 
| 170|0x00000000eaa00000, 0x00000000eaa00000, 0x00000000eab00000|  0%| F|  |TAMS 0x00000000eaa00000, 0x00000000eaa00000| Untracked 
| 171|0x00000000eab00000, 0x00000000eab00000, 0x00000000eac00000|  0%| F|  |TAMS 0x00000000eab00000, 0x00000000eab00000| Untracked 
| 172|0x00000000eac00000, 0x00000000eac00000, 0x00000000ead00000|  0%| F|  |TAMS 0x00000000eac00000, 0x00000000eac00000| Untracked 
| 173|0x00000000ead00000, 0x00000000ead00000, 0x00000000eae00000|  0%| F|  |TAMS 0x00000000ead00000, 0x00000000ead00000| Untracked 
| 174|0x00000000eae00000, 0x00000000eae00000, 0x00000000eaf00000|  0%| F|  |TAMS 0x00000000eae00000, 0x00000000eae00000| Untracked 
| 175|0x00000000eaf00000, 0x00000000eaf00000, 0x00000000eb000000|  0%| F|  |TAMS 0x00000000eaf00000, 0x00000000eaf00000| Untracked 
| 176|0x00000000eb000000, 0x00000000eb000000, 0x00000000eb100000|  0%| F|  |TAMS 0x00000000eb000000, 0x00000000eb000000| Untracked 
| 177|0x00000000eb100000, 0x00000000eb100000, 0x00000000eb200000|  0%| F|  |TAMS 0x00000000eb100000, 0x00000000eb100000| Untracked 
| 178|0x00000000eb200000, 0x00000000eb200000, 0x00000000eb300000|  0%| F|  |TAMS 0x00000000eb200000, 0x00000000eb200000| Untracked 
| 179|0x00000000eb300000, 0x00000000eb300000, 0x00000000eb400000|  0%| F|  |TAMS 0x00000000eb300000, 0x00000000eb300000| Untracked 
| 180|0x00000000eb400000, 0x00000000eb400000, 0x00000000eb500000|  0%| F|  |TAMS 0x00000000eb400000, 0x00000000eb400000| Untracked 
| 181|0x00000000eb500000, 0x00000000eb500000, 0x00000000eb600000|  0%| F|  |TAMS 0x00000000eb500000, 0x00000000eb500000| Untracked 
| 182|0x00000000eb600000, 0x00000000eb600000, 0x00000000eb700000|  0%| F|  |TAMS 0x00000000eb600000, 0x00000000eb600000| Untracked 
| 183|0x00000000eb700000, 0x00000000eb700000, 0x00000000eb800000|  0%| F|  |TAMS 0x00000000eb700000, 0x00000000eb700000| Untracked 
| 184|0x00000000eb800000, 0x00000000eb800000, 0x00000000eb900000|  0%| F|  |TAMS 0x00000000eb800000, 0x00000000eb800000| Untracked 
| 185|0x00000000eb900000, 0x00000000eb900000, 0x00000000eba00000|  0%| F|  |TAMS 0x00000000eb900000, 0x00000000eb900000| Untracked 
| 186|0x00000000eba00000, 0x00000000eba00000, 0x00000000ebb00000|  0%| F|  |TAMS 0x00000000eba00000, 0x00000000eba00000| Untracked 
| 187|0x00000000ebb00000, 0x00000000ebb00000, 0x00000000ebc00000|  0%| F|  |TAMS 0x00000000ebb00000, 0x00000000ebb00000| Untracked 
| 188|0x00000000ebc00000, 0x00000000ebc00000, 0x00000000ebd00000|  0%| F|  |TAMS 0x00000000ebc00000, 0x00000000ebc00000| Untracked 
| 189|0x00000000ebd00000, 0x00000000ebd00000, 0x00000000ebe00000|  0%| F|  |TAMS 0x00000000ebd00000, 0x00000000ebd00000| Untracked 
| 190|0x00000000ebe00000, 0x00000000ebe00000, 0x00000000ebf00000|  0%| F|  |TAMS 0x00000000ebe00000, 0x00000000ebe00000| Untracked 
| 191|0x00000000ebf00000, 0x00000000ebf00000, 0x00000000ec000000|  0%| F|  |TAMS 0x00000000ebf00000, 0x00000000ebf00000| Untracked 
| 192|0x00000000ec000000, 0x00000000ec000000, 0x00000000ec100000|  0%| F|  |TAMS 0x00000000ec000000, 0x00000000ec000000| Untracked 
| 193|0x00000000ec100000, 0x00000000ec100000, 0x00000000ec200000|  0%| F|  |TAMS 0x00000000ec100000, 0x00000000ec100000| Untracked 
| 194|0x00000000ec200000, 0x00000000ec200000, 0x00000000ec300000|  0%| F|  |TAMS 0x00000000ec200000, 0x00000000ec200000| Untracked 
| 195|0x00000000ec300000, 0x00000000ec300000, 0x00000000ec400000|  0%| F|  |TAMS 0x00000000ec300000, 0x00000000ec300000| Untracked 
| 196|0x00000000ec400000, 0x00000000ec400000, 0x00000000ec500000|  0%| F|  |TAMS 0x00000000ec400000, 0x00000000ec400000| Untracked 
| 197|0x00000000ec500000, 0x00000000ec500000, 0x00000000ec600000|  0%| F|  |TAMS 0x00000000ec500000, 0x00000000ec500000| Untracked 
| 198|0x00000000ec600000, 0x00000000ec600000, 0x00000000ec700000|  0%| F|  |TAMS 0x00000000ec600000, 0x00000000ec600000| Untracked 
| 199|0x00000000ec700000, 0x00000000ec700000, 0x00000000ec800000|  0%| F|  |TAMS 0x00000000ec700000, 0x00000000ec700000| Untracked 
| 200|0x00000000ec800000, 0x00000000ec800000, 0x00000000ec900000|  0%| F|  |TAMS 0x00000000ec800000, 0x00000000ec800000| Untracked 
| 201|0x00000000ec900000, 0x00000000ec900000, 0x00000000eca00000|  0%| F|  |TAMS 0x00000000ec900000, 0x00000000ec900000| Untracked 
| 202|0x00000000eca00000, 0x00000000eca00000, 0x00000000ecb00000|  0%| F|  |TAMS 0x00000000eca00000, 0x00000000eca00000| Untracked 
| 203|0x00000000ecb00000, 0x00000000ecb00000, 0x00000000ecc00000|  0%| F|  |TAMS 0x00000000ecb00000, 0x00000000ecb00000| Untracked 
| 204|0x00000000ecc00000, 0x00000000ecc00000, 0x00000000ecd00000|  0%| F|  |TAMS 0x00000000ecc00000, 0x00000000ecc00000| Untracked 
| 205|0x00000000ecd00000, 0x00000000ecd00000, 0x00000000ece00000|  0%| F|  |TAMS 0x00000000ecd00000, 0x00000000ecd00000| Untracked 
| 206|0x00000000ece00000, 0x00000000ece00000, 0x00000000ecf00000|  0%| F|  |TAMS 0x00000000ece00000, 0x00000000ece00000| Untracked 
| 207|0x00000000ecf00000, 0x00000000ecf00000, 0x00000000ed000000|  0%| F|  |TAMS 0x00000000ecf00000, 0x00000000ecf00000| Untracked 
| 208|0x00000000ed000000, 0x00000000ed000000, 0x00000000ed100000|  0%| F|  |TAMS 0x00000000ed000000, 0x00000000ed000000| Untracked 
| 209|0x00000000ed100000, 0x00000000ed100000, 0x00000000ed200000|  0%| F|  |TAMS 0x00000000ed100000, 0x00000000ed100000| Untracked 
| 210|0x00000000ed200000, 0x00000000ed200000, 0x00000000ed300000|  0%| F|  |TAMS 0x00000000ed200000, 0x00000000ed200000| Untracked 
| 211|0x00000000ed300000, 0x00000000ed300000, 0x00000000ed400000|  0%| F|  |TAMS 0x00000000ed300000, 0x00000000ed300000| Untracked 
| 212|0x00000000ed400000, 0x00000000ed400000, 0x00000000ed500000|  0%| F|  |TAMS 0x00000000ed400000, 0x00000000ed400000| Untracked 
| 213|0x00000000ed500000, 0x00000000ed500000, 0x00000000ed600000|  0%| F|  |TAMS 0x00000000ed500000, 0x00000000ed500000| Untracked 
| 214|0x00000000ed600000, 0x00000000ed600000, 0x00000000ed700000|  0%| F|  |TAMS 0x00000000ed600000, 0x00000000ed600000| Untracked 
| 215|0x00000000ed700000, 0x00000000ed700000, 0x00000000ed800000|  0%| F|  |TAMS 0x00000000ed700000, 0x00000000ed700000| Untracked 
| 216|0x00000000ed800000, 0x00000000ed800000, 0x00000000ed900000|  0%| F|  |TAMS 0x00000000ed800000, 0x00000000ed800000| Untracked 
| 217|0x00000000ed900000, 0x00000000ed900000, 0x00000000eda00000|  0%| F|  |TAMS 0x00000000ed900000, 0x00000000ed900000| Untracked 
| 218|0x00000000eda00000, 0x00000000eda00000, 0x00000000edb00000|  0%| F|  |TAMS 0x00000000eda00000, 0x00000000eda00000| Untracked 
| 219|0x00000000edb00000, 0x00000000edb00000, 0x00000000edc00000|  0%| F|  |TAMS 0x00000000edb00000, 0x00000000edb00000| Untracked 
| 220|0x00000000edc00000, 0x00000000edc00000, 0x00000000edd00000|  0%| F|  |TAMS 0x00000000edc00000, 0x00000000edc00000| Untracked 
| 221|0x00000000edd00000, 0x00000000edd00000, 0x00000000ede00000|  0%| F|  |TAMS 0x00000000edd00000, 0x00000000edd00000| Untracked 
| 222|0x00000000ede00000, 0x00000000ede00000, 0x00000000edf00000|  0%| F|  |TAMS 0x00000000ede00000, 0x00000000ede00000| Untracked 
| 223|0x00000000edf00000, 0x00000000edf00000, 0x00000000ee000000|  0%| F|  |TAMS 0x00000000edf00000, 0x00000000edf00000| Untracked 
| 224|0x00000000ee000000, 0x00000000ee000000, 0x00000000ee100000|  0%| F|  |TAMS 0x00000000ee000000, 0x00000000ee000000| Untracked 
| 225|0x00000000ee100000, 0x00000000ee100000, 0x00000000ee200000|  0%| F|  |TAMS 0x00000000ee100000, 0x00000000ee100000| Untracked 
| 226|0x00000000ee200000, 0x00000000ee200000, 0x00000000ee300000|  0%| F|  |TAMS 0x00000000ee200000, 0x00000000ee200000| Untracked 
| 227|0x00000000ee300000, 0x00000000ee300000, 0x00000000ee400000|  0%| F|  |TAMS 0x00000000ee300000, 0x00000000ee300000| Untracked 
| 228|0x00000000ee400000, 0x00000000ee400000, 0x00000000ee500000|  0%| F|  |TAMS 0x00000000ee400000, 0x00000000ee400000| Untracked 
| 229|0x00000000ee500000, 0x00000000ee500000, 0x00000000ee600000|  0%| F|  |TAMS 0x00000000ee500000, 0x00000000ee500000| Untracked 
| 230|0x00000000ee600000, 0x00000000ee600000, 0x00000000ee700000|  0%| F|  |TAMS 0x00000000ee600000, 0x00000000ee600000| Untracked 
| 231|0x00000000ee700000, 0x00000000ee700000, 0x00000000ee800000|  0%| F|  |TAMS 0x00000000ee700000, 0x00000000ee700000| Untracked 
| 232|0x00000000ee800000, 0x00000000ee800000, 0x00000000ee900000|  0%| F|  |TAMS 0x00000000ee800000, 0x00000000ee800000| Untracked 
| 233|0x00000000ee900000, 0x00000000ee900000, 0x00000000eea00000|  0%| F|  |TAMS 0x00000000ee900000, 0x00000000ee900000| Untracked 
| 234|0x00000000eea00000, 0x00000000eea00000, 0x00000000eeb00000|  0%| F|  |TAMS 0x00000000eea00000, 0x00000000eea00000| Untracked 
| 235|0x00000000eeb00000, 0x00000000eeb00000, 0x00000000eec00000|  0%| F|  |TAMS 0x00000000eeb00000, 0x00000000eeb00000| Untracked 
| 236|0x00000000eec00000, 0x00000000eec00000, 0x00000000eed00000|  0%| F|  |TAMS 0x00000000eec00000, 0x00000000eec00000| Untracked 
| 237|0x00000000eed00000, 0x00000000eed00000, 0x00000000eee00000|  0%| F|  |TAMS 0x00000000eed00000, 0x00000000eed00000| Untracked 
| 238|0x00000000eee00000, 0x00000000eee00000, 0x00000000eef00000|  0%| F|  |TAMS 0x00000000eee00000, 0x00000000eee00000| Untracked 
| 239|0x00000000eef00000, 0x00000000eef00000, 0x00000000ef000000|  0%| F|  |TAMS 0x00000000eef00000, 0x00000000eef00000| Untracked 
| 240|0x00000000ef000000, 0x00000000ef000000, 0x00000000ef100000|  0%| F|  |TAMS 0x00000000ef000000, 0x00000000ef000000| Untracked 
| 241|0x00000000ef100000, 0x00000000ef100000, 0x00000000ef200000|  0%| F|  |TAMS 0x00000000ef100000, 0x00000000ef100000| Untracked 
| 242|0x00000000ef200000, 0x00000000ef200000, 0x00000000ef300000|  0%| F|  |TAMS 0x00000000ef200000, 0x00000000ef200000| Untracked 
| 243|0x00000000ef300000, 0x00000000ef300000, 0x00000000ef400000|  0%| F|  |TAMS 0x00000000ef300000, 0x00000000ef300000| Untracked 
| 244|0x00000000ef400000, 0x00000000ef400000, 0x00000000ef500000|  0%| F|  |TAMS 0x00000000ef400000, 0x00000000ef400000| Untracked 
| 245|0x00000000ef500000, 0x00000000ef500000, 0x00000000ef600000|  0%| F|  |TAMS 0x00000000ef500000, 0x00000000ef500000| Untracked 
| 246|0x00000000ef600000, 0x00000000ef67c428, 0x00000000ef700000| 48%| S|CS|TAMS 0x00000000ef600000, 0x00000000ef600000| Complete 
| 247|0x00000000ef700000, 0x00000000ef800000, 0x00000000ef800000|100%| S|CS|TAMS 0x00000000ef700000, 0x00000000ef700000| Complete 
| 248|0x00000000ef800000, 0x00000000ef900000, 0x00000000ef900000|100%| S|CS|TAMS 0x00000000ef800000, 0x00000000ef800000| Complete 
| 249|0x00000000ef900000, 0x00000000efa00000, 0x00000000efa00000|100%| S|CS|TAMS 0x00000000ef900000, 0x00000000ef900000| Complete 
| 250|0x00000000efa00000, 0x00000000efa00000, 0x00000000efb00000|  0%| F|  |TAMS 0x00000000efa00000, 0x00000000efa00000| Untracked 
| 251|0x00000000efb00000, 0x00000000efb00000, 0x00000000efc00000|  0%| F|  |TAMS 0x00000000efb00000, 0x00000000efb00000| Untracked 
| 252|0x00000000efc00000, 0x00000000efc00000, 0x00000000efd00000|  0%| F|  |TAMS 0x00000000efc00000, 0x00000000efc00000| Untracked 
| 253|0x00000000efd00000, 0x00000000efd00000, 0x00000000efe00000|  0%| F|  |TAMS 0x00000000efd00000, 0x00000000efd00000| Untracked 
| 254|0x00000000efe00000, 0x00000000efe00000, 0x00000000eff00000|  0%| F|  |TAMS 0x00000000efe00000, 0x00000000efe00000| Untracked 
| 255|0x00000000eff00000, 0x00000000eff00000, 0x00000000f0000000|  0%| F|  |TAMS 0x00000000eff00000, 0x00000000eff00000| Untracked 

Card table byte_map: [0x00000242df990000,0x00000242dfa90000] _byte_map_base: 0x00000242df290000

Marking Bits (Prev, Next): (CMBitMap*) 0x00000242c7b83140, (CMBitMap*) 0x00000242c7b83108
 Prev Bits: [0x00000242e0390000, 0x00000242e0b90000)
 Next Bits: [0x00000242dfb90000, 0x00000242e0390000)

Polling page: 0x00000242c6240000

Metaspace:

Usage:
  Non-class:     18.47 MB capacity,    18.09 MB ( 98%) used,   350.93 KB (  2%) free+waste,    39.63 KB ( <1%) overhead. 
      Class:      2.76 MB capacity,     2.54 MB ( 92%) used,   204.56 KB (  7%) free+waste,    19.81 KB ( <1%) overhead. 
       Both:     21.23 MB capacity,    20.63 MB ( 97%) used,   555.49 KB (  3%) free+waste,    59.44 KB ( <1%) overhead. 

Virtual space:
  Non-class space:       34.00 MB reserved,      18.50 MB ( 54%) committed 
      Class space:      248.00 MB reserved,       2.88 MB (  1%) committed 
             Both:      282.00 MB reserved,      21.38 MB (  8%) committed 

Chunk freelists:
   Non-Class:  31.00 KB
       Class:  18.00 KB
        Both:  49.00 KB

MaxMetaspaceSize: 256.00 MB
CompressedClassSpaceSize: 248.00 MB

CodeHeap 'non-profiled nmethods': size=120064Kb used=864Kb max_used=864Kb free=119199Kb
 bounds [0x00000242d7d30000, 0x00000242d7fa0000, 0x00000242df270000]
CodeHeap 'profiled nmethods': size=120000Kb used=4057Kb max_used=4057Kb free=115943Kb
 bounds [0x00000242d0800000, 0x00000242d0c00000, 0x00000242d7d30000]
CodeHeap 'non-nmethods': size=5696Kb used=1135Kb max_used=1149Kb free=4560Kb
 bounds [0x00000242d0270000, 0x00000242d04e0000, 0x00000242d0800000]
 total_blobs=2410 nmethods=1935 adapters=386
 compilation: enabled
              stopped_count=0, restarted_count=0
 full_count=0

Compilation events (20 events):
Event: 3.075 Thread 0x00000242e31c7000 1926       3       java.util.regex.CharPredicates$$Lambda$5/0x0000000100065040::is (5 bytes)
Event: 3.076 Thread 0x00000242e31c7000 nmethod 1926 0x00000242d0be5610 code [0x00000242d0be57e0, 0x00000242d0be5a98]
Event: 3.076 Thread 0x00000242e31c7000 1927       3       java.util.regex.CharPredicates::lambda$ASCII_DIGIT$15 (20 bytes)
Event: 3.076 Thread 0x00000242e31c7000 nmethod 1927 0x00000242d0be5b90 code [0x00000242d0be5d40, 0x00000242d0be5f78]
Event: 3.078 Thread 0x00000242e31bb000 nmethod 1928 0x00000242d7e07790 code [0x00000242d7e07940, 0x00000242d7e07df8]
Event: 3.085 Thread 0x00000242e31c7000 1929  s    3       java.io.ByteArrayInputStream::read (73 bytes)
Event: 3.086 Thread 0x00000242e31c7000 nmethod 1929 0x00000242d0be6010 code [0x00000242d0be6200, 0x00000242d0be6898]
Event: 3.086 Thread 0x00000242e31c7000 1930       3       jdk.internal.org.objectweb.asm.Type::getArgumentsAndReturnSizes (151 bytes)
Event: 3.088 Thread 0x00000242e31c7000 nmethod 1930 0x00000242d0be6a90 code [0x00000242d0be6e00, 0x00000242d0be8678]
Event: 3.088 Thread 0x00000242e31c7000 1931       3       jdk.internal.org.objectweb.asm.MethodWriter::visitMaxs (1144 bytes)
Event: 3.090 Thread 0x00000242e31c7000 nmethod 1931 0x00000242d0be8f10 code [0x00000242d0be9420, 0x00000242d0bebd48]
Event: 3.090 Thread 0x00000242e31c7000 1932       3       jdk.internal.org.objectweb.asm.MethodWriter::visitEnd (1 bytes)
Event: 3.090 Thread 0x00000242e31c7000 nmethod 1932 0x00000242d0bed690 code [0x00000242d0bed840, 0x00000242d0bed938]
Event: 3.090 Thread 0x00000242e31c7000 1933       3       jdk.internal.org.objectweb.asm.MethodWriter::getSize (838 bytes)
Event: 3.093 Thread 0x00000242e31c7000 nmethod 1933 0x00000242d0beda10 code [0x00000242d0bedec0, 0x00000242d0befda8]
Event: 3.093 Thread 0x00000242e31c7000 1934       3       jdk.internal.org.objectweb.asm.MethodWriter::put (1602 bytes)
Event: 3.096 Thread 0x00000242e31c7000 nmethod 1934 0x00000242d0bf0b90 code [0x00000242d0bf1480, 0x00000242d0bf4838]
Event: 3.097 Thread 0x00000242e31c7000 1935       3       java.util.concurrent.locks.AbstractQueuedSynchronizer::release (33 bytes)
Event: 3.097 Thread 0x00000242e31bb000 1936       4       java.util.jar.JarFile::maybeInstantiateVerifier (112 bytes)
Event: 3.098 Thread 0x00000242e31c7000 nmethod 1935 0x00000242d0bf5e90 code [0x00000242d0bf6060, 0x00000242d0bf6338]

GC Heap History (10 events):
Event: 0.674 GC heap before
{Heap before GC invocations=0 (full 0):
 garbage-first heap   total 262144K, used 19456K [0x00000000e0000000, 0x0000000100000000)
  region size 1024K, 14 young (14336K), 0 survivors (0K)
 Metaspace       used 7418K, capacity 7583K, committed 7680K, reserved 262144K
  class space    used 670K, capacity 716K, committed 768K, reserved 253952K
}
Event: 0.677 GC heap after
{Heap after GC invocations=1 (full 0):
 garbage-first heap   total 262144K, used 7952K [0x00000000e0000000, 0x0000000100000000)
  region size 1024K, 2 young (2048K), 2 survivors (2048K)
 Metaspace       used 7418K, capacity 7583K, committed 7680K, reserved 262144K
  class space    used 670K, capacity 716K, committed 768K, reserved 253952K
}
Event: 1.006 GC heap before
{Heap before GC invocations=1 (full 0):
 garbage-first heap   total 262144K, used 19216K [0x00000000e0000000, 0x0000000100000000)
  region size 1024K, 13 young (13312K), 2 survivors (2048K)
 Metaspace       used 10796K, capacity 11075K, committed 11264K, reserved 264192K
  class space    used 1131K, capacity 1201K, committed 1280K, reserved 253952K
}
Event: 1.009 GC heap after
{Heap after GC invocations=2 (full 0):
 garbage-first heap   total 262144K, used 8922K [0x00000000e0000000, 0x0000000100000000)
  region size 1024K, 1 young (1024K), 1 survivors (1024K)
 Metaspace       used 10796K, capacity 11075K, committed 11264K, reserved 264192K
  class space    used 1131K, capacity 1201K, committed 1280K, reserved 253952K
}
Event: 1.380 GC heap before
{Heap before GC invocations=2 (full 0):
 garbage-first heap   total 262144K, used 36570K [0x00000000e0000000, 0x0000000100000000)
  region size 1024K, 29 young (29696K), 1 survivors (1024K)
 Metaspace       used 11019K, capacity 11271K, committed 11520K, reserved 264192K
  class space    used 1139K, capacity 1202K, committed 1280K, reserved 253952K
}
Event: 1.384 GC heap after
{Heap after GC invocations=3 (full 0):
 garbage-first heap   total 262144K, used 13479K [0x00000000e0000000, 0x0000000100000000)
  region size 1024K, 4 young (4096K), 4 survivors (4096K)
 Metaspace       used 11019K, capacity 11271K, committed 11520K, reserved 264192K
  class space    used 1139K, capacity 1202K, committed 1280K, reserved 253952K
}
Event: 2.813 GC heap before
{Heap before GC invocations=3 (full 0):
 garbage-first heap   total 262144K, used 55463K [0x00000000e0000000, 0x0000000100000000)
  region size 1024K, 45 young (46080K), 4 survivors (4096K)
 Metaspace       used 18587K, capacity 19048K, committed 19328K, reserved 272384K
  class space    used 2215K, capacity 2372K, committed 2432K, reserved 253952K
}
Event: 2.820 GC heap after
{Heap after GC invocations=4 (full 0):
 garbage-first heap   total 262144K, used 16196K [0x00000000e0000000, 0x0000000100000000)
  region size 1024K, 6 young (6144K), 6 survivors (6144K)
 Metaspace       used 18587K, capacity 19048K, committed 19328K, reserved 272384K
  class space    used 2215K, capacity 2372K, committed 2432K, reserved 253952K
}
Event: 3.019 GC heap before
{Heap before GC invocations=4 (full 0):
 garbage-first heap   total 262144K, used 30532K [0x00000000e0000000, 0x0000000100000000)
  region size 1024K, 21 young (21504K), 6 survivors (6144K)
 Metaspace       used 20491K, capacity 21066K, committed 21120K, reserved 278528K
  class space    used 2486K, capacity 2688K, committed 2688K, reserved 253952K
}
Event: 3.024 GC heap after
{Heap after GC invocations=5 (full 0):
 garbage-first heap   total 262144K, used 17016K [0x00000000e0000000, 0x0000000100000000)
  region size 1024K, 4 young (4096K), 4 survivors (4096K)
 Metaspace       used 20491K, capacity 21066K, committed 21120K, reserved 278528K
  class space    used 2486K, capacity 2688K, committed 2688K, reserved 253952K
}

Deoptimization events (20 events):
Event: 2.974 Thread 0x00000242e568b800 Uncommon trap: trap_request=0xffffffc6 fr.pc=0x00000242d7d98ef4 relative=0x0000000000000134
Event: 2.974 Thread 0x00000242e568b800 Uncommon trap: reason=bimorphic_or_optimized_type_check action=maybe_recompile pc=0x00000242d7d98ef4 method=java.util.AbstractList$Itr.next()Ljava/lang/Object; @ 14 c2
Event: 2.974 Thread 0x00000242e568b800 DEOPT PACKING pc=0x00000242d7d98ef4 sp=0x0000007f586fb090
Event: 2.974 Thread 0x00000242e568b800 DEOPT UNPACKING pc=0x00000242d029662f sp=0x0000007f586fb028 mode 2
Event: 2.975 Thread 0x00000242e568b800 Uncommon trap: trap_request=0xffffff4d fr.pc=0x00000242d7d906f0 relative=0x0000000000000630
Event: 2.975 Thread 0x00000242e568b800 Uncommon trap: reason=unstable_if action=reinterpret pc=0x00000242d7d906f0 method=java.io.File.getName()Ljava/lang/String; @ 16 c2
Event: 2.975 Thread 0x00000242e568b800 DEOPT PACKING pc=0x00000242d7d906f0 sp=0x0000007f586fbab0
Event: 2.975 Thread 0x00000242e568b800 DEOPT UNPACKING pc=0x00000242d029662f sp=0x0000007f586fba80 mode 2
Event: 2.975 Thread 0x00000242e568b800 Uncommon trap: trap_request=0xffffff4d fr.pc=0x00000242d7d8f408 relative=0x00000000000004c8
Event: 2.975 Thread 0x00000242e568b800 Uncommon trap: reason=unstable_if action=reinterpret pc=0x00000242d7d8f408 method=java.lang.String.substring(I)Ljava/lang/String; @ 34 c2
Event: 2.975 Thread 0x00000242e568b800 DEOPT PACKING pc=0x00000242d7d8f408 sp=0x0000007f586fba30
Event: 2.975 Thread 0x00000242e568b800 DEOPT UNPACKING pc=0x00000242d029662f sp=0x0000007f586fba08 mode 2
Event: 3.066 Thread 0x00000242e568b800 Uncommon trap: trap_request=0xffffff4d fr.pc=0x00000242d7df5930 relative=0x00000000000003b0
Event: 3.066 Thread 0x00000242e568b800 Uncommon trap: reason=unstable_if action=reinterpret pc=0x00000242d7df5930 method=jdk.internal.org.objectweb.asm.Type.getArgumentsAndReturnSizes(Ljava/lang/String;)I @ 88 c2
Event: 3.066 Thread 0x00000242e568b800 DEOPT PACKING pc=0x00000242d7df5930 sp=0x0000007f586fa840
Event: 3.066 Thread 0x00000242e568b800 DEOPT UNPACKING pc=0x00000242d029662f sp=0x0000007f586fa7c8 mode 2
Event: 3.072 Thread 0x00000242e568b800 Uncommon trap: trap_request=0xffffffcc fr.pc=0x00000242d7e019e8 relative=0x0000000000000328
Event: 3.072 Thread 0x00000242e568b800 Uncommon trap: reason=intrinsic_or_type_checked_inlining action=make_not_entrant pc=0x00000242d7e019e8 method=java.util.Arrays.copyOf([Ljava/lang/Object;ILjava/lang/Class;)[Ljava/lang/Object; @ 35 c2
Event: 3.072 Thread 0x00000242e568b800 DEOPT PACKING pc=0x00000242d7e019e8 sp=0x0000007f586fca50
Event: 3.072 Thread 0x00000242e568b800 DEOPT UNPACKING pc=0x00000242d029662f sp=0x0000007f586fc9e0 mode 2

Classes redefined (0 events):
No events

Internal exceptions (20 events):
Event: 2.550 Thread 0x00000242e4da1000 Exception <a 'java/lang/NoSuchMethodError'{0x00000000ee524ef0}: <clinit>> (0x00000000ee524ef0) thrown at [./src/hotspot/share/prims/jni.cpp, line 1362]
Event: 2.554 Thread 0x00000242e4da1000 Exception <a 'java/lang/NoSuchMethodError'{0x00000000ee54ba08}: <clinit>> (0x00000000ee54ba08) thrown at [./src/hotspot/share/prims/jni.cpp, line 1362]
Event: 2.556 Thread 0x00000242e4da1000 Exception <a 'java/lang/NoSuchMethodError'{0x00000000ee5635a8}: <clinit>> (0x00000000ee5635a8) thrown at [./src/hotspot/share/prims/jni.cpp, line 1362]
Event: 2.557 Thread 0x00000242e4da1000 Exception <a 'java/lang/NoSuchMethodError'{0x00000000ee56d210}: <clinit>> (0x00000000ee56d210) thrown at [./src/hotspot/share/prims/jni.cpp, line 1362]
Event: 2.559 Thread 0x00000242e4da1000 Exception <a 'java/lang/NoSuchMethodError'{0x00000000ee5829b8}: <clinit>> (0x00000000ee5829b8) thrown at [./src/hotspot/share/prims/jni.cpp, line 1362]
Event: 2.572 Thread 0x00000242e4da1000 Exception <a 'java/lang/NoSuchMethodError'{0x00000000ee5d7a08}: <clinit>> (0x00000000ee5d7a08) thrown at [./src/hotspot/share/prims/jni.cpp, line 1362]
Event: 2.578 Thread 0x00000242e4da1000 Exception <a 'java/lang/NoSuchMethodError'{0x00000000ee4078f8}: <clinit>> (0x00000000ee4078f8) thrown at [./src/hotspot/share/prims/jni.cpp, line 1362]
Event: 2.581 Thread 0x00000242e4da1000 Exception <a 'java/lang/NoSuchMethodError'{0x00000000ee4304e0}: <clinit>> (0x00000000ee4304e0) thrown at [./src/hotspot/share/prims/jni.cpp, line 1362]
Event: 2.663 Thread 0x00000242e568b800 Exception <a 'java/lang/NoSuchMethodError'{0x00000000edd67570}: 'void java.lang.invoke.DelegatingMethodHandle$Holder.reinvoke_L(java.lang.Object, java.lang.Object, java.lang.Object, java.lang.Object)'> (0x00000000edd67570) thrown at [./src/hotspot/share/interpreter/linkResolver.cpp, line 773]
Event: 2.668 Thread 0x00000242e568b800 Exception <a 'java/lang/NoSuchMethodError'{0x00000000edd98140}: 'long java.lang.invoke.DirectMethodHandle$Holder.invokeInterface(java.lang.Object, java.lang.Object)'> (0x00000000edd98140) thrown at [./src/hotspot/share/interpreter/linkResolver.cpp, line 773]
Event: 2.671 Thread 0x00000242e568b800 Exception <a 'java/lang/NoSuchMethodError'{0x00000000eddb99f8}: 'void java.lang.invoke.DelegatingMethodHandle$Holder.reinvoke_L(java.lang.Object, java.lang.Object, java.lang.Object, java.lang.Object, java.lang.Object, java.lang.Object, java.lang.Object)'> (0x00000000eddb99f8) thrown at [./src/hotspot/share/interpreter/linkResolver.cpp, line 773]
Event: 2.856 Thread 0x00000242e568b800 Exception <a 'java/lang/NoSuchMethodError'{0x00000000efb368f0}: 'java.lang.Object java.lang.invoke.DirectMethodHandle$Holder.invokeVirtual(java.lang.Object, java.lang.Object, java.lang.Object)'> (0x00000000efb368f0) thrown at [./src/hotspot/share/interpreter/linkResolver.cpp, line 773]
Event: 2.891 Thread 0x00000242e568b800 Exception <a 'java/lang/NoSuchMethodError'{0x00000000ef70b5a8}: 'void java.lang.invoke.DirectMethodHandle$Holder.invokeStaticInit(java.lang.Object)'> (0x00000000ef70b5a8) thrown at [./src/hotspot/share/interpreter/linkResolver.cpp, line 773]
Event: 2.934 Thread 0x00000242e568b800 Exception <a 'java/lang/NoSuchMethodError'{0x00000000ef5b5768}: 'java.lang.Object java.lang.invoke.DirectMethodHandle$Holder.invokeStatic(java.lang.Object, java.lang.Object, java.lang.Object, int)'> (0x00000000ef5b5768) thrown at [./src/hotspot/share/interpreter/linkResolver.cpp, line 773]
Event: 2.935 Thread 0x00000242e568b800 Exception <a 'java/lang/NoSuchMethodError'{0x00000000ef5b9930}: 'java.lang.Object java.lang.invoke.DirectMethodHandle$Holder.invokeSpecial(java.lang.Object, java.lang.Object, java.lang.Object, java.lang.Object, int)'> (0x00000000ef5b9930) thrown at [./src/hotspot/share/interpreter/linkResolver.cpp, line 773]
Event: 2.935 Thread 0x00000242e568b800 Exception <a 'java/lang/NoSuchMethodError'{0x00000000ef5bd318}: 'java.lang.Object java.lang.invoke.Invokers$Holder.linkToTargetMethod(java.lang.Object, java.lang.Object, int, java.lang.Object)'> (0x00000000ef5bd318) thrown at [./src/hotspot/share/interpreter/linkResolver.cpp, line 773]
Event: 3.029 Thread 0x00000242e568b800 Exception <a 'java/lang/NoSuchMethodError'{0x00000000eff828e8}: 'int java.lang.invoke.DirectMethodHandle$Holder.invokeSpecialIFC(java.lang.Object, java.lang.Object, java.lang.Object, java.lang.Object)'> (0x00000000eff828e8) thrown at [./src/hotspot/share/interpreter/linkResolver.cpp, line 773]
Event: 3.031 Thread 0x00000242e568b800 Exception <a 'java/lang/NoSuchMethodError'{0x00000000eff906a8}: 'java.lang.Object java.lang.invoke.DirectMethodHandle$Holder.invokeInterface(java.lang.Object, java.lang.Object, java.lang.Object)'> (0x00000000eff906a8) thrown at [./src/hotspot/share/interpreter/linkResolver.cpp, line 773]
Event: 3.031 Thread 0x00000242e568b800 Exception <a 'java/lang/IncompatibleClassChangeError'{0x00000000eff93b80}: Found class java.lang.Object, but interface was expected> (0x00000000eff93b80) thrown at [./src/hotspot/share/interpreter/linkResolver.cpp, line 839]
Event: 3.043 Thread 0x00000242e568b800 Exception <a 'java/lang/NoSuchMethodError'{0x00000000efe34478}: 'void java.lang.invoke.DirectMethodHandle$Holder.invokeStatic(java.lang.Object, java.lang.Object, java.lang.Object, java.lang.Object, java.lang.Object)'> (0x00000000efe34478) thrown at [./src/hotspot/share/interpreter/linkResolver.cpp, line 773]

Events (20 events):
Event: 3.101 loading class org/gradle/tooling/internal/provider/serialization/DeserializeMap
Event: 3.101 loading class org/gradle/tooling/internal/provider/serialization/DeserializeMap done
Event: 3.101 loading class org/gradle/tooling/internal/provider/serialization/DefaultPayloadClassLoaderRegistry
Event: 3.101 loading class org/gradle/tooling/internal/provider/serialization/DefaultPayloadClassLoaderRegistry done
Event: 3.101 loading class org/gradle/tooling/internal/provider/serialization/DefaultPayloadClassLoaderRegistry$ClassLoaderToDetailsTransformer
Event: 3.101 loading class org/gradle/tooling/internal/provider/serialization/DefaultPayloadClassLoaderRegistry$ClassLoaderToDetailsTransformer done
Event: 3.101 loading class org/gradle/tooling/internal/provider/serialization/DefaultPayloadClassLoaderRegistry$DetailsToClassLoaderTransformer
Event: 3.101 loading class org/gradle/tooling/internal/provider/serialization/DefaultPayloadClassLoaderRegistry$DetailsToClassLoaderTransformer done
Event: 3.102 loading class org/gradle/internal/operations/notify/BuildOperationNotificationBridge$1
Event: 3.102 loading class org/gradle/internal/operations/notify/BuildOperationNotificationBridge$1 done
Event: 3.102 loading class org/gradle/internal/operations/notify/BuildOperationNotificationBridge$2
Event: 3.102 loading class org/gradle/internal/operations/notify/BuildOperationNotificationBridge$2 done
Event: 3.102 loading class org/gradle/internal/InternalBuildAdapter
Event: 3.102 loading class org/gradle/internal/InternalBuildAdapter done
Event: 3.102 loading class org/gradle/internal/InternalBuildListener
Event: 3.102 loading class org/gradle/internal/InternalBuildListener done
Event: 3.102 loading class org/gradle/internal/InternalListener
Event: 3.102 loading class org/gradle/internal/InternalListener done
Event: 3.103 loading class org/gradle/launcher/exec/InProcessBuildActionExecuter
Event: 3.103 loading class org/gradle/launcher/exec/InProcessBuildActionExecuter done


Dynamic libraries:
0x00007ff7e8b20000 - 0x00007ff7e8b2d000 	C:\Users\electro\.jdks\corretto-11.0.11\bin\java.exe
0x00007ffdec730000 - 0x00007ffdec925000 	C:\WINDOWS\SYSTEM32\ntdll.dll
0x00007ffdeb180000 - 0x00007ffdeb23d000 	C:\WINDOWS\System32\KERNEL32.DLL
0x00007ffdea1e0000 - 0x00007ffdea4a8000 	C:\WINDOWS\System32\KERNELBASE.dll
0x00007ffde9ea0000 - 0x00007ffde9fa0000 	C:\WINDOWS\System32\ucrtbase.dll
0x00007ffddf170000 - 0x00007ffddf189000 	C:\Users\electro\.jdks\corretto-11.0.11\bin\VCRUNTIME140.dll
0x00007ffddf150000 - 0x00007ffddf167000 	C:\Users\electro\.jdks\corretto-11.0.11\bin\jli.dll
0x00007ffdec1a0000 - 0x00007ffdec340000 	C:\WINDOWS\System32\USER32.dll
0x00007ffde9e70000 - 0x00007ffde9e92000 	C:\WINDOWS\System32\win32u.dll
0x00007ffdeb080000 - 0x00007ffdeb0aa000 	C:\WINDOWS\System32\GDI32.dll
0x00007ffdd2590000 - 0x00007ffdd282a000 	C:\WINDOWS\WinSxS\amd64_microsoft.windows.common-controls_6595b64144ccf1df_6.0.19041.844_none_ca00b6081b84eb1d\COMCTL32.dll
0x00007ffdea0d0000 - 0x00007ffdea1db000 	C:\WINDOWS\System32\gdi32full.dll
0x00007ffdeb3a0000 - 0x00007ffdeb43e000 	C:\WINDOWS\System32\msvcrt.dll
0x00007ffdea6a0000 - 0x00007ffdea73d000 	C:\WINDOWS\System32\msvcp_win.dll
0x00007ffdec5e0000 - 0x00007ffdec610000 	C:\WINDOWS\System32\IMM32.DLL
0x00007ffdb6a90000 - 0x00007ffdb6b2b000 	C:\Users\electro\.jdks\corretto-11.0.11\bin\msvcp140.dll
0x00007ffdb18d0000 - 0x00007ffdb241c000 	C:\Users\electro\.jdks\corretto-11.0.11\bin\server\jvm.dll
0x00007ffdeb0d0000 - 0x00007ffdeb17c000 	C:\WINDOWS\System32\ADVAPI32.dll
0x00007ffdeb300000 - 0x00007ffdeb39b000 	C:\WINDOWS\System32\sechost.dll
0x00007ffdea930000 - 0x00007ffdeaa5b000 	C:\WINDOWS\System32\RPCRT4.dll
0x00007ffdeb0c0000 - 0x00007ffdeb0c8000 	C:\WINDOWS\System32\PSAPI.DLL
0x00007ffddf190000 - 0x00007ffddf199000 	C:\WINDOWS\SYSTEM32\WSOCK32.dll
0x00007ffde1c10000 - 0x00007ffde1c37000 	C:\WINDOWS\SYSTEM32\WINMM.dll
0x00007ffdec550000 - 0x00007ffdec5bb000 	C:\WINDOWS\System32\WS2_32.dll
0x00007ffde1c00000 - 0x00007ffde1c0a000 	C:\WINDOWS\SYSTEM32\VERSION.dll
0x00007ffde8750000 - 0x00007ffde8762000 	C:\WINDOWS\SYSTEM32\kernel.appcore.dll
0x00007ffde5600000 - 0x00007ffde5610000 	C:\Users\electro\.jdks\corretto-11.0.11\bin\verify.dll
0x00007ffde84f0000 - 0x00007ffde86d4000 	C:\WINDOWS\SYSTEM32\DBGHELP.DLL
0x00007ffdd7500000 - 0x00007ffdd752c000 	C:\WINDOWS\SYSTEM32\dbgcore.DLL
0x00007ffdea050000 - 0x00007ffdea0d0000 	C:\WINDOWS\System32\bcryptPrimitives.dll
0x00007ffdc6c40000 - 0x00007ffdc6c68000 	C:\Users\electro\.jdks\corretto-11.0.11\bin\java.dll
0x00007ffddf4c0000 - 0x00007ffddf4ca000 	C:\Users\electro\.jdks\corretto-11.0.11\bin\jimage.dll
0x00007ffdc60f0000 - 0x00007ffdc6107000 	C:\Users\electro\.jdks\corretto-11.0.11\bin\zip.dll
0x00007ffdeb930000 - 0x00007ffdec072000 	C:\WINDOWS\System32\SHELL32.dll
0x00007ffde7c20000 - 0x00007ffde83b0000 	C:\WINDOWS\SYSTEM32\windows.storage.dll
0x00007ffdeaa60000 - 0x00007ffdeadb5000 	C:\WINDOWS\System32\combase.dll
0x00007ffde9810000 - 0x00007ffde983c000 	C:\WINDOWS\SYSTEM32\Wldp.dll
0x00007ffdec3d0000 - 0x00007ffdec47e000 	C:\WINDOWS\System32\SHCORE.dll
0x00007ffdeb240000 - 0x00007ffdeb295000 	C:\WINDOWS\System32\shlwapi.dll
0x00007ffde9db0000 - 0x00007ffde9dcf000 	C:\WINDOWS\SYSTEM32\profapi.dll
0x00007ffdc55f0000 - 0x00007ffdc5609000 	C:\Users\electro\.jdks\corretto-11.0.11\bin\net.dll
0x00007ffddd500000 - 0x00007ffddd60b000 	C:\WINDOWS\SYSTEM32\WINHTTP.dll
0x00007ffde9530000 - 0x00007ffde959a000 	C:\WINDOWS\system32\mswsock.dll
0x00007ffdc42a0000 - 0x00007ffdc42b2000 	C:\Users\electro\.jdks\corretto-11.0.11\bin\nio.dll
0x00007ffdc6e20000 - 0x00007ffdc6e47000 	C:\Users\electro\.gradle\native\fdc75f09e3144964f2cf3f50f0aa648679c211496f362492102eb8c894070792\windows-amd64\native-platform.dll
0x00007ffd8fb60000 - 0x00007ffd8fcf6000 	C:\Users\electro\.gradle\native\12488b8bf47d2d4c9fbf2f6322a914ad602e24e48041cd04a747c6da556b65c4\windows-amd64\native-platform-file-events.dll
0x00007ffddf140000 - 0x00007ffddf149000 	C:\Users\electro\.jdks\corretto-11.0.11\bin\management.dll
0x00007ffdc78f0000 - 0x00007ffdc78fb000 	C:\Users\electro\.jdks\corretto-11.0.11\bin\management_ext.dll
0x00007ffde9740000 - 0x00007ffde9758000 	C:\WINDOWS\SYSTEM32\CRYPTSP.dll
0x00007ffde8ee0000 - 0x00007ffde8f14000 	C:\WINDOWS\system32\rsaenh.dll
0x00007ffdea670000 - 0x00007ffdea697000 	C:\WINDOWS\System32\bcrypt.dll
0x00007ffde9d70000 - 0x00007ffde9d9e000 	C:\WINDOWS\SYSTEM32\USERENV.dll
0x00007ffde9730000 - 0x00007ffde973c000 	C:\WINDOWS\SYSTEM32\CRYPTBASE.dll
0x00007ffde9240000 - 0x00007ffde927b000 	C:\WINDOWS\SYSTEM32\IPHLPAPI.DLL
0x00007ffdea8c0000 - 0x00007ffdea8c8000 	C:\WINDOWS\System32\NSI.dll
0x00007ffddddc0000 - 0x00007ffddddd7000 	C:\WINDOWS\SYSTEM32\dhcpcsvc6.DLL
0x00007ffdddda0000 - 0x00007ffddddbd000 	C:\WINDOWS\SYSTEM32\dhcpcsvc.DLL
0x00007ffde9280000 - 0x00007ffde934c000 	C:\WINDOWS\SYSTEM32\DNSAPI.dll
0x00007ffddef10000 - 0x00007ffddef1b000 	C:\WINDOWS\SYSTEM32\WINNSI.DLL

dbghelp: loaded successfully - version: 4.0.5 - missing functions: none
symbol engine: initialized successfully - sym options: 0x614 - pdb path: .;C:\Users\electro\.jdks\corretto-11.0.11\bin;C:\WINDOWS\SYSTEM32;C:\WINDOWS\WinSxS\amd64_microsoft.windows.common-controls_6595b64144ccf1df_6.0.19041.844_none_ca00b6081b84eb1d;C:\Users\electro\.jdks\corretto-11.0.11\bin\server;C:\Users\electro\.gradle\native\fdc75f09e3144964f2cf3f50f0aa648679c211496f362492102eb8c894070792\windows-amd64;C:\Users\electro\.gradle\native\12488b8bf47d2d4c9fbf2f6322a914ad602e24e48041cd04a747c6da556b65c4\windows-amd64

VM Arguments:
jvm_args: -XX:MaxMetaspaceSize=256m -XX:+HeapDumpOnOutOfMemoryError --add-opens=java.base/java.util=ALL-UNNAMED --add-opens=java.base/java.lang=ALL-UNNAMED --add-opens=java.base/java.lang.invoke=ALL-UNNAMED --add-opens=java.prefs/java.util.prefs=ALL-UNNAMED -Xms256m -Xmx512m -Dfile.encoding=windows-1252 -Duser.country=CO -Duser.language=es -Duser.variant 
java_command: org.gradle.launcher.daemon.bootstrap.GradleDaemon 6.8
java_class_path (initial): C:\Users\electro\.gradle\wrapper\dists\gradle-6.8-bin\1jblhjyydfkclfzx1agp92nyl\gradle-6.8\lib\gradle-launcher-6.8.jar
Launcher Type: SUN_STANDARD

[Global flags]
     intx CICompilerCount                          = 3                                         {product} {ergonomic}
   size_t CompressedClassSpaceSize                 = 260046848                                 {product} {ergonomic}
     uint ConcGCThreads                            = 1                                         {product} {ergonomic}
     uint G1ConcRefinementThreads                  = 4                                         {product} {ergonomic}
   size_t G1HeapRegionSize                         = 1048576                                   {product} {ergonomic}
    uintx GCDrainStackTargetSize                   = 64                                        {product} {ergonomic}
     bool HeapDumpOnOutOfMemoryError               = true                                   {manageable} {command line}
   size_t InitialHeapSize                          = 268435456                                 {product} {command line}
   size_t MarkStackSize                            = 4194304                                   {product} {ergonomic}
   size_t MaxHeapSize                              = 536870912                                 {product} {command line}
   size_t MaxMetaspaceSize                         = 268435456                                 {product} {command line}
   size_t MaxNewSize                               = 321912832                                 {product} {ergonomic}
   size_t MinHeapDeltaBytes                        = 1048576                                   {product} {ergonomic}
    uintx NonNMethodCodeHeapSize                   = 5830732                                {pd product} {ergonomic}
    uintx NonProfiledCodeHeapSize                  = 122913754                              {pd product} {ergonomic}
    uintx ProfiledCodeHeapSize                     = 122913754                              {pd product} {ergonomic}
    uintx ReservedCodeCacheSize                    = 251658240                              {pd product} {ergonomic}
     bool SegmentedCodeCache                       = true                                      {product} {ergonomic}
     bool UseCompressedClassPointers               = true                                 {lp64_product} {ergonomic}
     bool UseCompressedOops                        = true                                 {lp64_product} {ergonomic}
     bool UseG1GC                                  = true                                      {product} {ergonomic}
     bool UseLargePagesIndividualAllocation        = false                                  {pd product} {ergonomic}

Logging:
Log output configuration:
 #0: stdout all=warning uptime,level,tags
 #1: stderr all=off uptime,level,tags

Environment Variables:
JAVA_HOME=C:\Program Files\Java\jdk-16
PATH=C:\Program Files\Common Files\Oracle\Java\javapath;C:\Python39\Scripts\;C:\Python39\;C:\WINDOWS\system32;C:\WINDOWS;C:\WINDOWS\System32\Wbem;C:\WINDOWS\System32\WindowsPowerShell\v1.0\;C:\WINDOWS\System32\OpenSSH\;D:\Program Files\nodejs\;C:\ProgramData\chocolatey\bin;D:\Program Files\Git\cmd;C:\Program Files\Maven\apache-maven-3.6.3\bin;C:\Program Files\Microsoft SQL Server\120\Tools\Binn\;C:\Program Files\Microsoft SQL Server\Client SDK\ODBC\110\Tools\Binn\;C:\Program Files (x86)\Microsoft SQL Server\120\Tools\Binn\;C:\Program Files\Microsoft SQL Server\120\DTS\Binn\;C:\Program Files (x86)\Microsoft SQL Server\120\Tools\Binn\ManagementStudio\;C:\Program Files (x86)\Microsoft SQL Server\120\DTS\Binn\;C:\Program Files\Docker\Docker\resources\bin;C:\ProgramData\DockerDesktop\version-bin;C:\gradle\bin;C:\Program Files\MySQL\MySQL Shell 8.0\bin\;C:\Users\electro\AppData\Local\Microsoft\WindowsApps;;C:\Users\electro\AppData\Local\Programs\Microsoft VS Code\bin;C:\Users\electro\AppData\Roaming\npm;C:\Program Files\JetBrains\IntelliJ IDEA 2020.3.3\bin;
USERNAME=electro
OS=Windows_NT
PROCESSOR_IDENTIFIER=AMD64 Family 23 Model 24 Stepping 1, AuthenticAMD



---------------  S Y S T E M  ---------------

OS: Windows 10 , 64 bit Build 19041 (10.0.19041.928)
OS uptime: 0 days 17:55 hours
Hyper-V role detected

CPU:total 4 (initial active 4) (4 cores per cpu, 2 threads per core) family 23 model 24 stepping 1 microcode 0x0, cmov, cx8, fxsr, mmx, sse, sse2, sse3, ssse3, sse4.1, sse4.2, popcnt, avx, avx2, aes, clmul, mmxext, 3dnowpref, lzcnt, sse4a, ht, tsc, tscinvbit, tscinv, bmi1, bmi2, adx, s

Memory: 4k page, system-wide physical 10178M (3035M free)
TotalPageFile size 11779M (AvailPageFile size 2M)
current process WorkingSet (physical memory assigned to process): 161M, peak: 161M
current process commit charge ("private bytes"): 388M, peak: 389M

vm_info: OpenJDK 64-Bit Server VM (11.0.11+9-LTS) for windows-amd64 JRE (11.0.11+9-LTS), built on Apr 14 2021 00:00:20 by "Administrator" with MS VC++ 15.9 (VS2017)

END.
